[0.236s] DEBUG:colcon:Command line arguments: ['/usr/bin/colcon', 'build']
[0.237s] DEBUG:colcon:Parsed command line arguments: Namespace(log_base=None, log_level=None, verb_name='build', build_base='build', install_base='install', merge_install=False, symlink_install=False, test_result_base=None, continue_on_error=False, executor='parallel', parallel_workers=16, event_handlers=None, ignore_user_meta=False, metas=['./colcon.meta'], base_paths=['.'], packages_ignore=None, packages_ignore_regex=None, paths=None, packages_up_to=None, packages_up_to_regex=None, packages_above=None, packages_above_and_dependencies=None, packages_above_depth=None, packages_select_by_dep=None, packages_skip_by_dep=None, packages_skip_up_to=None, packages_select_build_failed=False, packages_skip_build_finished=False, packages_select_test_failures=False, packages_skip_test_passed=False, packages_select=None, packages_skip=None, packages_select_regex=None, packages_skip_regex=None, packages_start=None, packages_end=None, allow_overriding=[], cmake_args=None, cmake_target=None, cmake_target_skip_unavailable=False, cmake_clean_cache=False, cmake_clean_first=False, cmake_force_configure=False, ament_cmake_args=None, catkin_cmake_args=None, catkin_skip_building_tests=False, mixin_files=None, mixin=None, verb_parser=<colcon_mixin.mixin.mixin_argument.MixinArgumentDecorator object at 0x7ff74a809750>, verb_extension=<colcon_core.verb.build.BuildVerb object at 0x7ff74a8091e0>, main=<bound method BuildVerb.main of <colcon_core.verb.build.BuildVerb object at 0x7ff74a8091e0>>, mixin_verb=('build',))
[0.513s] Level 1:colcon.colcon_core.package_discovery:discover_packages(colcon_meta) check parameters
[0.513s] Level 1:colcon.colcon_core.package_discovery:discover_packages(recursive) check parameters
[0.513s] Level 1:colcon.colcon_core.package_discovery:discover_packages(ignore) check parameters
[0.513s] Level 1:colcon.colcon_core.package_discovery:discover_packages(path) check parameters
[0.513s] Level 1:colcon.colcon_core.package_discovery:discover_packages(colcon_meta) discover
[0.513s] Level 1:colcon.colcon_core.package_discovery:discover_packages(recursive) discover
[0.513s] INFO:colcon.colcon_core.package_discovery:Crawling recursively for packages in '/home/ajr/ros2_ws/src/otv_bf7'
[0.513s] Level 1:colcon.colcon_core.package_identification:_identify(.) by extensions ['ignore', 'ignore_ament_install']
[0.513s] Level 1:colcon.colcon_core.package_identification:_identify(.) by extension 'ignore'
[0.513s] Level 1:colcon.colcon_core.package_identification:_identify(.) by extension 'ignore_ament_install'
[0.513s] Level 1:colcon.colcon_core.package_identification:_identify(.) by extensions ['colcon_pkg']
[0.513s] Level 1:colcon.colcon_core.package_identification:_identify(.) by extension 'colcon_pkg'
[0.513s] Level 1:colcon.colcon_core.package_identification:_identify(.) by extensions ['colcon_meta']
[0.513s] Level 1:colcon.colcon_core.package_identification:_identify(.) by extension 'colcon_meta'
[0.513s] Level 1:colcon.colcon_core.package_identification:_identify(.) by extensions ['ros']
[0.513s] Level 1:colcon.colcon_core.package_identification:_identify(.) by extension 'ros'
[0.527s] DEBUG:colcon.colcon_core.package_identification:Package '.' with type 'ros.ament_cmake' and name 'otv_bf7'
[0.527s] Level 1:colcon.colcon_core.package_discovery:discover_packages(recursive) using defaults
[0.527s] Level 1:colcon.colcon_core.package_discovery:discover_packages(ignore) discover
[0.527s] Level 1:colcon.colcon_core.package_discovery:discover_packages(ignore) using defaults
[0.527s] Level 1:colcon.colcon_core.package_discovery:discover_packages(path) discover
[0.527s] Level 1:colcon.colcon_core.package_discovery:discover_packages(path) using defaults
[0.553s] Level 1:colcon.colcon_core.package_discovery:discover_packages(prefix_path) check parameters
[0.553s] Level 1:colcon.colcon_core.package_discovery:discover_packages(prefix_path) discover
[0.560s] DEBUG:colcon.colcon_installed_package_information.package_discovery:Found 14 installed packages in /home/ajr/ros2_ws/install
[0.561s] DEBUG:colcon.colcon_installed_package_information.package_discovery:Found 290 installed packages in /opt/ros/humble
[0.562s] Level 1:colcon.colcon_core.package_discovery:discover_packages(prefix_path) using defaults
[0.611s] Level 5:colcon.colcon_core.verb:set package 'otv_bf7' build argument 'cmake_args' from command line to 'None'
[0.611s] Level 5:colcon.colcon_core.verb:set package 'otv_bf7' build argument 'cmake_target' from command line to 'None'
[0.611s] Level 5:colcon.colcon_core.verb:set package 'otv_bf7' build argument 'cmake_target_skip_unavailable' from command line to 'False'
[0.611s] Level 5:colcon.colcon_core.verb:set package 'otv_bf7' build argument 'cmake_clean_cache' from command line to 'False'
[0.611s] Level 5:colcon.colcon_core.verb:set package 'otv_bf7' build argument 'cmake_clean_first' from command line to 'False'
[0.611s] Level 5:colcon.colcon_core.verb:set package 'otv_bf7' build argument 'cmake_force_configure' from command line to 'False'
[0.611s] Level 5:colcon.colcon_core.verb:set package 'otv_bf7' build argument 'ament_cmake_args' from command line to 'None'
[0.611s] Level 5:colcon.colcon_core.verb:set package 'otv_bf7' build argument 'catkin_cmake_args' from command line to 'None'
[0.611s] Level 5:colcon.colcon_core.verb:set package 'otv_bf7' build argument 'catkin_skip_building_tests' from command line to 'False'
[0.611s] DEBUG:colcon.colcon_core.verb:Building package 'otv_bf7' with the following arguments: {'ament_cmake_args': None, 'build_base': '/home/ajr/ros2_ws/src/otv_bf7/build/otv_bf7', 'catkin_cmake_args': None, 'catkin_skip_building_tests': False, 'cmake_args': None, 'cmake_clean_cache': False, 'cmake_clean_first': False, 'cmake_force_configure': False, 'cmake_target': None, 'cmake_target_skip_unavailable': False, 'install_base': '/home/ajr/ros2_ws/src/otv_bf7/install/otv_bf7', 'merge_install': False, 'path': '/home/ajr/ros2_ws/src/otv_bf7', 'symlink_install': False, 'test_result_base': None}
[0.611s] INFO:colcon.colcon_core.executor:Executing jobs using 'parallel' executor
[0.612s] DEBUG:colcon.colcon_parallel_executor.executor.parallel:run_until_complete
[0.612s] INFO:colcon.colcon_ros.task.ament_cmake.build:Building ROS package in '/home/ajr/ros2_ws/src/otv_bf7' with build type 'ament_cmake'
[0.613s] INFO:colcon.colcon_cmake.task.cmake.build:Building CMake package in '/home/ajr/ros2_ws/src/otv_bf7'
[0.617s] INFO:colcon.colcon_core.plugin_system:Skipping extension 'colcon_core.shell.bat': Not used on non-Windows systems
[0.617s] INFO:colcon.colcon_core.shell:Skip shell extension 'powershell' for command environment: Not usable outside of PowerShell
[0.617s] DEBUG:colcon.colcon_core.shell:Skip shell extension 'dsv' for command environment
[0.625s] DEBUG:colcon.colcon_core.event_handler.log_command:Invoking command in '/home/ajr/ros2_ws/src/otv_bf7/build/otv_bf7': CMAKE_PREFIX_PATH=${CMAKE_PREFIX_PATH}:/home/ajr/ros2_ws/install/arj_transforms_py:/home/ajr/ros2_ws/install/arj_intro_py:/opt/ros/humble /usr/bin/cmake /home/ajr/ros2_ws/src/otv_bf7 -DCMAKE_INSTALL_PREFIX=/home/ajr/ros2_ws/src/otv_bf7/install/otv_bf7
[5.730s] DEBUG:colcon.colcon_core.event_handler.log_command:Invoked command in '/home/ajr/ros2_ws/src/otv_bf7/build/otv_bf7' returned '0': CMAKE_PREFIX_PATH=${CMAKE_PREFIX_PATH}:/home/ajr/ros2_ws/install/arj_transforms_py:/home/ajr/ros2_ws/install/arj_intro_py:/opt/ros/humble /usr/bin/cmake /home/ajr/ros2_ws/src/otv_bf7 -DCMAKE_INSTALL_PREFIX=/home/ajr/ros2_ws/src/otv_bf7/install/otv_bf7
[5.730s] DEBUG:colcon.colcon_core.event_handler.log_command:Invoking command in '/home/ajr/ros2_ws/src/otv_bf7/build/otv_bf7': CMAKE_PREFIX_PATH=${CMAKE_PREFIX_PATH}:/home/ajr/ros2_ws/install/arj_transforms_py:/home/ajr/ros2_ws/install/arj_intro_py:/opt/ros/humble /usr/bin/cmake --build /home/ajr/ros2_ws/src/otv_bf7/build/otv_bf7 -- -j16 -l16
[9.517s] DEBUG:colcon.colcon_core.event_handler.log_command:Invoked command in '/home/ajr/ros2_ws/src/otv_bf7/build/otv_bf7' returned '0': CMAKE_PREFIX_PATH=${CMAKE_PREFIX_PATH}:/home/ajr/ros2_ws/install/arj_transforms_py:/home/ajr/ros2_ws/install/arj_intro_py:/opt/ros/humble /usr/bin/cmake --build /home/ajr/ros2_ws/src/otv_bf7/build/otv_bf7 -- -j16 -l16
[9.543s] DEBUG:colcon.colcon_core.event_handler.log_command:Invoking command in '/home/ajr/ros2_ws/src/otv_bf7/build/otv_bf7': CMAKE_PREFIX_PATH=${CMAKE_PREFIX_PATH}:/home/ajr/ros2_ws/install/arj_transforms_py:/home/ajr/ros2_ws/install/arj_intro_py:/opt/ros/humble /usr/bin/cmake --install /home/ajr/ros2_ws/src/otv_bf7/build/otv_bf7
[9.557s] Level 1:colcon.colcon_core.environment:create_environment_scripts_only(otv_bf7)
[9.557s] DEBUG:colcon.colcon_core.event_handler.log_command:Invoked command in '/home/ajr/ros2_ws/src/otv_bf7/build/otv_bf7' returned '0': CMAKE_PREFIX_PATH=${CMAKE_PREFIX_PATH}:/home/ajr/ros2_ws/install/arj_transforms_py:/home/ajr/ros2_ws/install/arj_intro_py:/opt/ros/humble /usr/bin/cmake --install /home/ajr/ros2_ws/src/otv_bf7/build/otv_bf7
[9.563s] Level 1:colcon.colcon_core.environment:checking '/home/ajr/ros2_ws/src/otv_bf7/install/otv_bf7' for CMake module files
[9.563s] Level 1:colcon.colcon_core.environment:checking '/home/ajr/ros2_ws/src/otv_bf7/install/otv_bf7' for CMake config files
[9.563s] Level 1:colcon.colcon_core.shell:create_environment_hook('otv_bf7', 'cmake_prefix_path')
[9.564s] INFO:colcon.colcon_core.shell:Creating environment hook '/home/ajr/ros2_ws/src/otv_bf7/install/otv_bf7/share/otv_bf7/hook/cmake_prefix_path.ps1'
[9.565s] INFO:colcon.colcon_core.shell:Creating environment descriptor '/home/ajr/ros2_ws/src/otv_bf7/install/otv_bf7/share/otv_bf7/hook/cmake_prefix_path.dsv'
[9.565s] INFO:colcon.colcon_core.shell:Creating environment hook '/home/ajr/ros2_ws/src/otv_bf7/install/otv_bf7/share/otv_bf7/hook/cmake_prefix_path.sh'
[9.566s] Level 1:colcon.colcon_core.environment:checking '/home/ajr/ros2_ws/src/otv_bf7/install/otv_bf7/lib'
[9.567s] Level 1:colcon.colcon_core.environment:checking '/home/ajr/ros2_ws/src/otv_bf7/install/otv_bf7/bin'
[9.567s] Level 1:colcon.colcon_core.environment:checking '/home/ajr/ros2_ws/src/otv_bf7/install/otv_bf7/lib/pkgconfig/otv_bf7.pc'
[9.567s] Level 1:colcon.colcon_core.environment:checking '/home/ajr/ros2_ws/src/otv_bf7/install/otv_bf7/lib/python3.10/site-packages'
[9.567s] Level 1:colcon.colcon_core.environment:checking '/home/ajr/ros2_ws/src/otv_bf7/install/otv_bf7/bin'
[9.567s] INFO:colcon.colcon_core.shell:Creating package script '/home/ajr/ros2_ws/src/otv_bf7/install/otv_bf7/share/otv_bf7/package.ps1'
[9.568s] INFO:colcon.colcon_core.shell:Creating package descriptor '/home/ajr/ros2_ws/src/otv_bf7/install/otv_bf7/share/otv_bf7/package.dsv'
[9.569s] INFO:colcon.colcon_core.shell:Creating package script '/home/ajr/ros2_ws/src/otv_bf7/install/otv_bf7/share/otv_bf7/package.sh'
[9.569s] INFO:colcon.colcon_core.shell:Creating package script '/home/ajr/ros2_ws/src/otv_bf7/install/otv_bf7/share/otv_bf7/package.bash'
[9.570s] INFO:colcon.colcon_core.shell:Creating package script '/home/ajr/ros2_ws/src/otv_bf7/install/otv_bf7/share/otv_bf7/package.zsh'
[9.571s] Level 1:colcon.colcon_core.environment:create_file_with_runtime_dependencies(/home/ajr/ros2_ws/src/otv_bf7/install/otv_bf7/share/colcon-core/packages/otv_bf7)
[9.590s] Level 1:colcon.colcon_core.environment:create_environment_scripts_only(otv_bf7)
[9.590s] Level 1:colcon.colcon_core.environment:checking '/home/ajr/ros2_ws/src/otv_bf7/install/otv_bf7' for CMake module files
[9.590s] Level 1:colcon.colcon_core.environment:checking '/home/ajr/ros2_ws/src/otv_bf7/install/otv_bf7' for CMake config files
[9.590s] Level 1:colcon.colcon_core.shell:create_environment_hook('otv_bf7', 'cmake_prefix_path')
[9.591s] INFO:colcon.colcon_core.shell:Creating environment hook '/home/ajr/ros2_ws/src/otv_bf7/install/otv_bf7/share/otv_bf7/hook/cmake_prefix_path.ps1'
[9.591s] INFO:colcon.colcon_core.shell:Creating environment descriptor '/home/ajr/ros2_ws/src/otv_bf7/install/otv_bf7/share/otv_bf7/hook/cmake_prefix_path.dsv'
[9.591s] INFO:colcon.colcon_core.shell:Creating environment hook '/home/ajr/ros2_ws/src/otv_bf7/install/otv_bf7/share/otv_bf7/hook/cmake_prefix_path.sh'
[9.592s] Level 1:colcon.colcon_core.environment:checking '/home/ajr/ros2_ws/src/otv_bf7/install/otv_bf7/lib'
[9.592s] Level 1:colcon.colcon_core.environment:checking '/home/ajr/ros2_ws/src/otv_bf7/install/otv_bf7/bin'
[9.592s] Level 1:colcon.colcon_core.environment:checking '/home/ajr/ros2_ws/src/otv_bf7/install/otv_bf7/lib/pkgconfig/otv_bf7.pc'
[9.592s] Level 1:colcon.colcon_core.environment:checking '/home/ajr/ros2_ws/src/otv_bf7/install/otv_bf7/lib/python3.10/site-packages'
[9.592s] Level 1:colcon.colcon_core.environment:checking '/home/ajr/ros2_ws/src/otv_bf7/install/otv_bf7/bin'
[9.592s] INFO:colcon.colcon_core.shell:Creating package script '/home/ajr/ros2_ws/src/otv_bf7/install/otv_bf7/share/otv_bf7/package.ps1'
[9.593s] INFO:colcon.colcon_core.shell:Creating package descriptor '/home/ajr/ros2_ws/src/otv_bf7/install/otv_bf7/share/otv_bf7/package.dsv'
[9.593s] INFO:colcon.colcon_core.shell:Creating package script '/home/ajr/ros2_ws/src/otv_bf7/install/otv_bf7/share/otv_bf7/package.sh'
[9.593s] INFO:colcon.colcon_core.shell:Creating package script '/home/ajr/ros2_ws/src/otv_bf7/install/otv_bf7/share/otv_bf7/package.bash'
[9.594s] INFO:colcon.colcon_core.shell:Creating package script '/home/ajr/ros2_ws/src/otv_bf7/install/otv_bf7/share/otv_bf7/package.zsh'
[9.594s] Level 1:colcon.colcon_core.environment:create_file_with_runtime_dependencies(/home/ajr/ros2_ws/src/otv_bf7/install/otv_bf7/share/colcon-core/packages/otv_bf7)
[9.594s] DEBUG:colcon.colcon_parallel_executor.executor.parallel:closing loop
[9.595s] DEBUG:colcon.colcon_parallel_executor.executor.parallel:loop closed
[9.595s] DEBUG:colcon.colcon_parallel_executor.executor.parallel:run_until_complete finished with '0'
[9.595s] DEBUG:colcon.colcon_core.event_reactor:joining thread
[9.627s] INFO:colcon.colcon_core.plugin_system:Skipping extension 'colcon_notification.desktop_notification.notify_send': Could not find 'notify-send'
[9.627s] INFO:colcon.colcon_core.plugin_system:Skipping extension 'colcon_notification.desktop_notification.terminal_notifier': Not used on non-Darwin systems
[9.627s] INFO:colcon.colcon_core.plugin_system:Skipping extension 'colcon_notification.desktop_notification.win32': Not used on non-Windows systems
[9.627s] INFO:colcon.colcon_notification.desktop_notification:Sending desktop notification using 'notify2'
[9.627s] DEBUG:colcon.colcon_notification.desktop_notification.notify2:Failed to initialize notify2: org.freedesktop.DBus.Error.FileNotFound: Failed to connect to socket /run/user/1000/bus: No such file or directory
[9.628s] DEBUG:colcon.colcon_core.event_reactor:joined thread
[9.628s] INFO:colcon.colcon_core.shell:Creating prefix script '/home/ajr/ros2_ws/src/otv_bf7/install/local_setup.ps1'
[9.629s] INFO:colcon.colcon_core.shell:Creating prefix util module '/home/ajr/ros2_ws/src/otv_bf7/install/_local_setup_util_ps1.py'
[9.630s] INFO:colcon.colcon_core.shell:Creating prefix chain script '/home/ajr/ros2_ws/src/otv_bf7/install/setup.ps1'
[9.631s] INFO:colcon.colcon_core.shell:Creating prefix script '/home/ajr/ros2_ws/src/otv_bf7/install/local_setup.sh'
[9.632s] INFO:colcon.colcon_core.shell:Creating prefix util module '/home/ajr/ros2_ws/src/otv_bf7/install/_local_setup_util_sh.py'
[9.633s] INFO:colcon.colcon_core.shell:Creating prefix chain script '/home/ajr/ros2_ws/src/otv_bf7/install/setup.sh'
[9.634s] INFO:colcon.colcon_core.shell:Creating prefix script '/home/ajr/ros2_ws/src/otv_bf7/install/local_setup.bash'
[9.635s] INFO:colcon.colcon_core.shell:Creating prefix chain script '/home/ajr/ros2_ws/src/otv_bf7/install/setup.bash'
[9.636s] INFO:colcon.colcon_core.shell:Creating prefix script '/home/ajr/ros2_ws/src/otv_bf7/install/local_setup.zsh'
[9.636s] INFO:colcon.colcon_core.shell:Creating prefix chain script '/home/ajr/ros2_ws/src/otv_bf7/install/setup.zsh'
