[0.012s] Invoking command in '/home/ajr/ros2_ws/src/turtle_race/build/turtle_race': CMAKE_PREFIX_PATH=${CMAKE_PREFIX_PATH}:/home/ajr/ros2_ws/install/arj_transforms_py:/home/ajr/ros2_ws/install/arj_intro_py:/opt/ros/humble /usr/bin/cmake --build /home/ajr/ros2_ws/src/turtle_race/build/turtle_race -- -j16 -l16
[0.092s] [35m[1mConsolidate compiler generated dependencies of target draw_node[0m
[0.107s] [ 50%] [32mBuilding CXX object CMakeFiles/draw_node.dir/src/draw_node.cpp.o[0m
[3.336s] [100%] [32m[1mLinking CXX executable draw_node[0m
[3.563s] [100%] Built target draw_node
[3.570s] Invoked command in '/home/ajr/ros2_ws/src/turtle_race/build/turtle_race' returned '0': CMAKE_PREFIX_PATH=${CMAKE_PREFIX_PATH}:/home/ajr/ros2_ws/install/arj_transforms_py:/home/ajr/ros2_ws/install/arj_intro_py:/opt/ros/humble /usr/bin/cmake --build /home/ajr/ros2_ws/src/turtle_race/build/turtle_race -- -j16 -l16
[3.591s] Invoking command in '/home/ajr/ros2_ws/src/turtle_race/build/turtle_race': CMAKE_PREFIX_PATH=${CMAKE_PREFIX_PATH}:/home/ajr/ros2_ws/install/arj_transforms_py:/home/ajr/ros2_ws/install/arj_intro_py:/opt/ros/humble /usr/bin/cmake --install /home/ajr/ros2_ws/src/turtle_race/build/turtle_race
[3.595s] -- Install configuration: ""
[3.596s] -- Execute custom install script
[3.597s] -- Up-to-date symlink: /home/ajr/ros2_ws/src/turtle_race/install/turtle_race/lib/turtle_race/draw_node
[3.598s] -- Up-to-date symlink: /home/ajr/ros2_ws/src/turtle_race/install/turtle_race/share/turtle_race/launch/d_launch.py
[3.598s] -- Up-to-date symlink: /home/ajr/ros2_ws/src/turtle_race/install/turtle_race/share/ament_index/resource_index/package_run_dependencies/turtle_race
[3.598s] -- Up-to-date symlink: /home/ajr/ros2_ws/src/turtle_race/install/turtle_race/share/ament_index/resource_index/parent_prefix_path/turtle_race
[3.598s] -- Up-to-date symlink: /home/ajr/ros2_ws/src/turtle_race/install/turtle_race/share/turtle_race/environment/ament_prefix_path.sh
[3.598s] -- Up-to-date symlink: /home/ajr/ros2_ws/src/turtle_race/install/turtle_race/share/turtle_race/environment/ament_prefix_path.dsv
[3.598s] -- Up-to-date symlink: /home/ajr/ros2_ws/src/turtle_race/install/turtle_race/share/turtle_race/environment/path.sh
[3.599s] -- Up-to-date symlink: /home/ajr/ros2_ws/src/turtle_race/install/turtle_race/share/turtle_race/environment/path.dsv
[3.599s] -- Up-to-date symlink: /home/ajr/ros2_ws/src/turtle_race/install/turtle_race/share/turtle_race/local_setup.bash
[3.599s] -- Up-to-date symlink: /home/ajr/ros2_ws/src/turtle_race/install/turtle_race/share/turtle_race/local_setup.sh
[3.599s] -- Up-to-date symlink: /home/ajr/ros2_ws/src/turtle_race/install/turtle_race/share/turtle_race/local_setup.zsh
[3.599s] -- Up-to-date symlink: /home/ajr/ros2_ws/src/turtle_race/install/turtle_race/share/turtle_race/local_setup.dsv
[3.599s] -- Symlinking: /home/ajr/ros2_ws/src/turtle_race/install/turtle_race/share/turtle_race/package.dsv
[3.605s] -- Up-to-date symlink: /home/ajr/ros2_ws/src/turtle_race/install/turtle_race/share/ament_index/resource_index/packages/turtle_race
[3.605s] -- Up-to-date symlink: /home/ajr/ros2_ws/src/turtle_race/install/turtle_race/share/turtle_race/cmake/turtle_raceConfig.cmake
[3.606s] -- Up-to-date symlink: /home/ajr/ros2_ws/src/turtle_race/install/turtle_race/share/turtle_race/cmake/turtle_raceConfig-version.cmake
[3.606s] -- Up-to-date symlink: /home/ajr/ros2_ws/src/turtle_race/install/turtle_race/share/turtle_race/package.xml
[3.607s] Invoked command in '/home/ajr/ros2_ws/src/turtle_race/build/turtle_race' returned '0': CMAKE_PREFIX_PATH=${CMAKE_PREFIX_PATH}:/home/ajr/ros2_ws/install/arj_transforms_py:/home/ajr/ros2_ws/install/arj_intro_py:/opt/ros/humble /usr/bin/cmake --install /home/ajr/ros2_ws/src/turtle_race/build/turtle_race
