[100%] Built target iranyitas
[100%] Built target draw_node
-- Install configuration: ""
-- Up-to-date: /home/ajr/ros2_ws/src/otv_bf7/install/otv_bf7/lib/otv_bf7/draw_node
-- Up-to-date: /home/ajr/ros2_ws/src/otv_bf7/install/otv_bf7/lib/otv_bf7/iranyitas
-- Up-to-date: /home/ajr/ros2_ws/src/otv_bf7/install/otv_bf7/share/otv_bf7/launch
-- Up-to-date: /home/ajr/ros2_ws/src/otv_bf7/install/otv_bf7/share/otv_bf7/launch/d_launch.py
-- Up-to-date: /home/ajr/ros2_ws/src/otv_bf7/install/otv_bf7/lib/otv_bf7/billentyuzet.py
-- Up-to-date: /home/ajr/ros2_ws/src/otv_bf7/install/otv_bf7/share/ament_index/resource_index/package_run_dependencies/otv_bf7
-- Up-to-date: /home/ajr/ros2_ws/src/otv_bf7/install/otv_bf7/share/ament_index/resource_index/parent_prefix_path/otv_bf7
-- Up-to-date: /home/ajr/ros2_ws/src/otv_bf7/install/otv_bf7/share/otv_bf7/environment/ament_prefix_path.sh
-- Up-to-date: /home/ajr/ros2_ws/src/otv_bf7/install/otv_bf7/share/otv_bf7/environment/ament_prefix_path.dsv
-- Up-to-date: /home/ajr/ros2_ws/src/otv_bf7/install/otv_bf7/share/otv_bf7/environment/path.sh
-- Up-to-date: /home/ajr/ros2_ws/src/otv_bf7/install/otv_bf7/share/otv_bf7/environment/path.dsv
-- Up-to-date: /home/ajr/ros2_ws/src/otv_bf7/install/otv_bf7/share/otv_bf7/local_setup.bash
-- Up-to-date: /home/ajr/ros2_ws/src/otv_bf7/install/otv_bf7/share/otv_bf7/local_setup.sh
-- Up-to-date: /home/ajr/ros2_ws/src/otv_bf7/install/otv_bf7/share/otv_bf7/local_setup.zsh
-- Up-to-date: /home/ajr/ros2_ws/src/otv_bf7/install/otv_bf7/share/otv_bf7/local_setup.dsv
-- Up-to-date: /home/ajr/ros2_ws/src/otv_bf7/install/otv_bf7/share/otv_bf7/package.dsv
-- Up-to-date: /home/ajr/ros2_ws/src/otv_bf7/install/otv_bf7/share/ament_index/resource_index/packages/otv_bf7
-- Up-to-date: /home/ajr/ros2_ws/src/otv_bf7/install/otv_bf7/share/otv_bf7/cmake/otv_bf7Config.cmake
-- Up-to-date: /home/ajr/ros2_ws/src/otv_bf7/install/otv_bf7/share/otv_bf7/cmake/otv_bf7Config-version.cmake
-- Up-to-date: /home/ajr/ros2_ws/src/otv_bf7/install/otv_bf7/share/otv_bf7/package.xml
