[0.014s] Invoking command in '/home/ajr/ros2_ws/src/otv_bf7/build/otv_bf7': CMAKE_PREFIX_PATH=${CMAKE_PREFIX_PATH}:/home/ajr/ros2_ws/install/arj_transforms_py:/home/ajr/ros2_ws/install/arj_intro_py:/opt/ros/humble /usr/bin/cmake --build /home/ajr/ros2_ws/src/otv_bf7/build/otv_bf7 -- -j16 -l16
[0.040s] -- Found ament_cmake: 1.3.10 (/opt/ros/humble/share/ament_cmake/cmake)
[0.154s] -- Found rclcpp: 16.0.10 (/opt/ros/humble/share/rclcpp/cmake)
[0.285s] -- Found rosidl_generator_c: 3.1.5 (/opt/ros/humble/share/rosidl_generator_c/cmake)
[0.289s] -- Found rosidl_adapter: 3.1.5 (/opt/ros/humble/share/rosidl_adapter/cmake)
[0.297s] -- Found rosidl_generator_cpp: 3.1.5 (/opt/ros/humble/share/rosidl_generator_cpp/cmake)
[0.309s] -- Using all available rosidl_typesupport_c: rosidl_typesupport_fastrtps_c;rosidl_typesupport_introspection_c
[0.324s] -- Using all available rosidl_typesupport_cpp: rosidl_typesupport_fastrtps_cpp;rosidl_typesupport_introspection_cpp
[0.363s] -- Found rmw_implementation_cmake: 6.1.2 (/opt/ros/humble/share/rmw_implementation_cmake/cmake)
[0.366s] -- Found rmw_fastrtps_cpp: 6.2.7 (/opt/ros/humble/share/rmw_fastrtps_cpp/cmake)
[3.376s] -- Using RMW implementation 'rmw_fastrtps_cpp' as default
[3.434s] -- Found geometry_msgs: 4.2.4 (/opt/ros/humble/share/geometry_msgs/cmake)
[3.447s] -- Found rclpy: 3.3.14 (/opt/ros/humble/share/rclpy/cmake)
[4.159s] [31mCMake Error at CMakeLists.txt:14 (find_package):
[4.159s]   By not providing "Findament_python.cmake" in CMAKE_MODULE_PATH this project
[4.159s]   has asked CMake to find a package configuration file provided by
[4.159s]   "ament_python", but CMake did not find one.
[4.159s] 
[4.159s]   Could not find a package configuration file provided by "ament_python" with
[4.159s]   any of the following names:
[4.159s] 
[4.159s]     ament_pythonConfig.cmake
[4.159s]     ament_python-config.cmake
[4.159s] 
[4.159s]   Add the installation prefix of "ament_python" to CMAKE_PREFIX_PATH or set
[4.160s]   "ament_python_DIR" to a directory containing one of the above files.  If
[4.160s]   "ament_python" provides a separate development package or SDK, be sure it
[4.160s]   has been installed.
[4.160s] 
[4.160s] [0m
[4.160s] -- Configuring incomplete, errors occurred!
[4.160s] See also "/home/ajr/ros2_ws/src/otv_bf7/build/otv_bf7/CMakeFiles/CMakeOutput.log".
[4.165s] gmake: *** [Makefile:308: cmake_check_build_system] Error 1
[4.166s] Invoked command in '/home/ajr/ros2_ws/src/otv_bf7/build/otv_bf7' returned '2': CMAKE_PREFIX_PATH=${CMAKE_PREFIX_PATH}:/home/ajr/ros2_ws/install/arj_transforms_py:/home/ajr/ros2_ws/install/arj_intro_py:/opt/ros/humble /usr/bin/cmake --build /home/ajr/ros2_ws/src/otv_bf7/build/otv_bf7 -- -j16 -l16
