[0.116s] DEBUG:colcon:Command line arguments: ['/usr/bin/colcon', 'build']
[0.116s] DEBUG:colcon:Parsed command line arguments: Namespace(log_base=None, log_level=None, verb_name='build', build_base='build', install_base='install', merge_install=False, symlink_install=False, test_result_base=None, continue_on_error=False, executor='parallel', parallel_workers=16, event_handlers=None, ignore_user_meta=False, metas=['./colcon.meta'], base_paths=['.'], packages_ignore=None, packages_ignore_regex=None, paths=None, packages_up_to=None, packages_up_to_regex=None, packages_above=None, packages_above_and_dependencies=None, packages_above_depth=None, packages_select_by_dep=None, packages_skip_by_dep=None, packages_skip_up_to=None, packages_select_build_failed=False, packages_skip_build_finished=False, packages_select_test_failures=False, packages_skip_test_passed=False, packages_select=None, packages_skip=None, packages_select_regex=None, packages_skip_regex=None, packages_start=None, packages_end=None, allow_overriding=[], cmake_args=None, cmake_target=None, cmake_target_skip_unavailable=False, cmake_clean_cache=False, cmake_clean_first=False, cmake_force_configure=False, ament_cmake_args=None, catkin_cmake_args=None, catkin_skip_building_tests=False, mixin_files=None, mixin=None, verb_parser=<colcon_mixin.mixin.mixin_argument.MixinArgumentDecorator object at 0x7f6d3080d7e0>, verb_extension=<colcon_core.verb.build.BuildVerb object at 0x7f6d3080d270>, main=<bound method BuildVerb.main of <colcon_core.verb.build.BuildVerb object at 0x7f6d3080d270>>, mixin_verb=('build',))
[0.217s] Level 1:colcon.colcon_core.package_discovery:discover_packages(colcon_meta) check parameters
[0.217s] Level 1:colcon.colcon_core.package_discovery:discover_packages(recursive) check parameters
[0.217s] Level 1:colcon.colcon_core.package_discovery:discover_packages(ignore) check parameters
[0.217s] Level 1:colcon.colcon_core.package_discovery:discover_packages(path) check parameters
[0.217s] Level 1:colcon.colcon_core.package_discovery:discover_packages(colcon_meta) discover
[0.217s] Level 1:colcon.colcon_core.package_discovery:discover_packages(recursive) discover
[0.217s] INFO:colcon.colcon_core.package_discovery:Crawling recursively for packages in '/home/ajr/ros2_ws/src/otv_bf7'
[0.218s] Level 1:colcon.colcon_core.package_identification:_identify(.) by extensions ['ignore', 'ignore_ament_install']
[0.218s] Level 1:colcon.colcon_core.package_identification:_identify(.) by extension 'ignore'
[0.218s] Level 1:colcon.colcon_core.package_identification:_identify(.) by extension 'ignore_ament_install'
[0.218s] Level 1:colcon.colcon_core.package_identification:_identify(.) by extensions ['colcon_pkg']
[0.218s] Level 1:colcon.colcon_core.package_identification:_identify(.) by extension 'colcon_pkg'
[0.218s] Level 1:colcon.colcon_core.package_identification:_identify(.) by extensions ['colcon_meta']
[0.218s] Level 1:colcon.colcon_core.package_identification:_identify(.) by extension 'colcon_meta'
[0.218s] Level 1:colcon.colcon_core.package_identification:_identify(.) by extensions ['ros']
[0.218s] Level 1:colcon.colcon_core.package_identification:_identify(.) by extension 'ros'
[0.227s] DEBUG:colcon.colcon_core.package_identification:Package '.' with type 'ros.ament_cmake' and name 'otv_bf7'
[0.227s] Level 1:colcon.colcon_core.package_discovery:discover_packages(recursive) using defaults
[0.227s] Level 1:colcon.colcon_core.package_discovery:discover_packages(ignore) discover
[0.227s] Level 1:colcon.colcon_core.package_discovery:discover_packages(ignore) using defaults
[0.227s] Level 1:colcon.colcon_core.package_discovery:discover_packages(path) discover
[0.227s] Level 1:colcon.colcon_core.package_discovery:discover_packages(path) using defaults
[0.241s] Level 1:colcon.colcon_core.package_discovery:discover_packages(prefix_path) check parameters
[0.241s] Level 1:colcon.colcon_core.package_discovery:discover_packages(prefix_path) discover
[0.243s] DEBUG:colcon.colcon_installed_package_information.package_discovery:Found 13 installed packages in /home/ajr/ros2_ws/install
[0.244s] DEBUG:colcon.colcon_installed_package_information.package_discovery:Found 290 installed packages in /opt/ros/humble
[0.245s] Level 1:colcon.colcon_core.package_discovery:discover_packages(prefix_path) using defaults
[0.282s] Level 5:colcon.colcon_core.verb:set package 'otv_bf7' build argument 'cmake_args' from command line to 'None'
[0.282s] Level 5:colcon.colcon_core.verb:set package 'otv_bf7' build argument 'cmake_target' from command line to 'None'
[0.282s] Level 5:colcon.colcon_core.verb:set package 'otv_bf7' build argument 'cmake_target_skip_unavailable' from command line to 'False'
[0.282s] Level 5:colcon.colcon_core.verb:set package 'otv_bf7' build argument 'cmake_clean_cache' from command line to 'False'
[0.282s] Level 5:colcon.colcon_core.verb:set package 'otv_bf7' build argument 'cmake_clean_first' from command line to 'False'
[0.282s] Level 5:colcon.colcon_core.verb:set package 'otv_bf7' build argument 'cmake_force_configure' from command line to 'False'
[0.282s] Level 5:colcon.colcon_core.verb:set package 'otv_bf7' build argument 'ament_cmake_args' from command line to 'None'
[0.282s] Level 5:colcon.colcon_core.verb:set package 'otv_bf7' build argument 'catkin_cmake_args' from command line to 'None'
[0.282s] Level 5:colcon.colcon_core.verb:set package 'otv_bf7' build argument 'catkin_skip_building_tests' from command line to 'False'
[0.282s] DEBUG:colcon.colcon_core.verb:Building package 'otv_bf7' with the following arguments: {'ament_cmake_args': None, 'build_base': '/home/ajr/ros2_ws/src/otv_bf7/build/otv_bf7', 'catkin_cmake_args': None, 'catkin_skip_building_tests': False, 'cmake_args': None, 'cmake_clean_cache': False, 'cmake_clean_first': False, 'cmake_force_configure': False, 'cmake_target': None, 'cmake_target_skip_unavailable': False, 'install_base': '/home/ajr/ros2_ws/src/otv_bf7/install/otv_bf7', 'merge_install': False, 'path': '/home/ajr/ros2_ws/src/otv_bf7', 'symlink_install': False, 'test_result_base': None}
[0.283s] INFO:colcon.colcon_core.executor:Executing jobs using 'parallel' executor
[0.283s] DEBUG:colcon.colcon_parallel_executor.executor.parallel:run_until_complete
[0.284s] INFO:colcon.colcon_ros.task.ament_cmake.build:Building ROS package in '/home/ajr/ros2_ws/src/otv_bf7' with build type 'ament_cmake'
[0.284s] INFO:colcon.colcon_cmake.task.cmake.build:Building CMake package in '/home/ajr/ros2_ws/src/otv_bf7'
[0.286s] INFO:colcon.colcon_core.plugin_system:Skipping extension 'colcon_core.shell.bat': Not used on non-Windows systems
[0.286s] INFO:colcon.colcon_core.shell:Skip shell extension 'powershell' for command environment: Not usable outside of PowerShell
[0.286s] DEBUG:colcon.colcon_core.shell:Skip shell extension 'dsv' for command environment
[0.294s] DEBUG:colcon.colcon_core.event_handler.log_command:Invoking command in '/home/ajr/ros2_ws/src/otv_bf7/build/otv_bf7': CMAKE_PREFIX_PATH=${CMAKE_PREFIX_PATH}:/home/ajr/ros2_ws/install/arj_transforms_py:/home/ajr/ros2_ws/install/arj_intro_py:/opt/ros/humble /usr/bin/cmake --build /home/ajr/ros2_ws/src/otv_bf7/build/otv_bf7 -- -j16 -l16
[6.837s] DEBUG:colcon.colcon_core.event_handler.log_command:Invoked command in '/home/ajr/ros2_ws/src/otv_bf7/build/otv_bf7' returned '0': CMAKE_PREFIX_PATH=${CMAKE_PREFIX_PATH}:/home/ajr/ros2_ws/install/arj_transforms_py:/home/ajr/ros2_ws/install/arj_intro_py:/opt/ros/humble /usr/bin/cmake --build /home/ajr/ros2_ws/src/otv_bf7/build/otv_bf7 -- -j16 -l16
[6.862s] DEBUG:colcon.colcon_core.event_handler.log_command:Invoking command in '/home/ajr/ros2_ws/src/otv_bf7/build/otv_bf7': CMAKE_PREFIX_PATH=${CMAKE_PREFIX_PATH}:/home/ajr/ros2_ws/install/arj_transforms_py:/home/ajr/ros2_ws/install/arj_intro_py:/opt/ros/humble /usr/bin/cmake --install /home/ajr/ros2_ws/src/otv_bf7/build/otv_bf7
[6.869s] Level 1:colcon.colcon_core.environment:create_environment_scripts_only(otv_bf7)
[6.869s] DEBUG:colcon.colcon_core.event_handler.log_command:Invoked command in '/home/ajr/ros2_ws/src/otv_bf7/build/otv_bf7' returned '0': CMAKE_PREFIX_PATH=${CMAKE_PREFIX_PATH}:/home/ajr/ros2_ws/install/arj_transforms_py:/home/ajr/ros2_ws/install/arj_intro_py:/opt/ros/humble /usr/bin/cmake --install /home/ajr/ros2_ws/src/otv_bf7/build/otv_bf7
[6.871s] Level 1:colcon.colcon_core.environment:checking '/home/ajr/ros2_ws/src/otv_bf7/install/otv_bf7' for CMake module files
[6.871s] Level 1:colcon.colcon_core.environment:checking '/home/ajr/ros2_ws/src/otv_bf7/install/otv_bf7' for CMake config files
[6.872s] Level 1:colcon.colcon_core.shell:create_environment_hook('otv_bf7', 'cmake_prefix_path')
[6.872s] INFO:colcon.colcon_core.shell:Creating environment hook '/home/ajr/ros2_ws/src/otv_bf7/install/otv_bf7/share/otv_bf7/hook/cmake_prefix_path.ps1'
[6.872s] INFO:colcon.colcon_core.shell:Creating environment descriptor '/home/ajr/ros2_ws/src/otv_bf7/install/otv_bf7/share/otv_bf7/hook/cmake_prefix_path.dsv'
[6.872s] INFO:colcon.colcon_core.shell:Creating environment hook '/home/ajr/ros2_ws/src/otv_bf7/install/otv_bf7/share/otv_bf7/hook/cmake_prefix_path.sh'
[6.873s] Level 1:colcon.colcon_core.environment:checking '/home/ajr/ros2_ws/src/otv_bf7/install/otv_bf7/lib'
[6.873s] Level 1:colcon.colcon_core.environment:checking '/home/ajr/ros2_ws/src/otv_bf7/install/otv_bf7/bin'
[6.873s] Level 1:colcon.colcon_core.environment:checking '/home/ajr/ros2_ws/src/otv_bf7/install/otv_bf7/lib/pkgconfig/otv_bf7.pc'
[6.873s] Level 1:colcon.colcon_core.environment:checking '/home/ajr/ros2_ws/src/otv_bf7/install/otv_bf7/lib/python3.10/site-packages'
[6.874s] Level 1:colcon.colcon_core.environment:checking '/home/ajr/ros2_ws/src/otv_bf7/install/otv_bf7/bin'
[6.874s] INFO:colcon.colcon_core.shell:Creating package script '/home/ajr/ros2_ws/src/otv_bf7/install/otv_bf7/share/otv_bf7/package.ps1'
[6.874s] INFO:colcon.colcon_core.shell:Creating package descriptor '/home/ajr/ros2_ws/src/otv_bf7/install/otv_bf7/share/otv_bf7/package.dsv'
[6.875s] INFO:colcon.colcon_core.shell:Creating package script '/home/ajr/ros2_ws/src/otv_bf7/install/otv_bf7/share/otv_bf7/package.sh'
[6.875s] INFO:colcon.colcon_core.shell:Creating package script '/home/ajr/ros2_ws/src/otv_bf7/install/otv_bf7/share/otv_bf7/package.bash'
[6.876s] INFO:colcon.colcon_core.shell:Creating package script '/home/ajr/ros2_ws/src/otv_bf7/install/otv_bf7/share/otv_bf7/package.zsh'
[6.876s] Level 1:colcon.colcon_core.environment:create_file_with_runtime_dependencies(/home/ajr/ros2_ws/src/otv_bf7/install/otv_bf7/share/colcon-core/packages/otv_bf7)
[6.894s] Level 1:colcon.colcon_core.environment:create_environment_scripts_only(otv_bf7)
[6.894s] Level 1:colcon.colcon_core.environment:checking '/home/ajr/ros2_ws/src/otv_bf7/install/otv_bf7' for CMake module files
[6.895s] Level 1:colcon.colcon_core.environment:checking '/home/ajr/ros2_ws/src/otv_bf7/install/otv_bf7' for CMake config files
[6.895s] Level 1:colcon.colcon_core.shell:create_environment_hook('otv_bf7', 'cmake_prefix_path')
[6.895s] INFO:colcon.colcon_core.shell:Creating environment hook '/home/ajr/ros2_ws/src/otv_bf7/install/otv_bf7/share/otv_bf7/hook/cmake_prefix_path.ps1'
[6.896s] INFO:colcon.colcon_core.shell:Creating environment descriptor '/home/ajr/ros2_ws/src/otv_bf7/install/otv_bf7/share/otv_bf7/hook/cmake_prefix_path.dsv'
[6.896s] INFO:colcon.colcon_core.shell:Creating environment hook '/home/ajr/ros2_ws/src/otv_bf7/install/otv_bf7/share/otv_bf7/hook/cmake_prefix_path.sh'
[6.896s] Level 1:colcon.colcon_core.environment:checking '/home/ajr/ros2_ws/src/otv_bf7/install/otv_bf7/lib'
[6.896s] Level 1:colcon.colcon_core.environment:checking '/home/ajr/ros2_ws/src/otv_bf7/install/otv_bf7/bin'
[6.896s] Level 1:colcon.colcon_core.environment:checking '/home/ajr/ros2_ws/src/otv_bf7/install/otv_bf7/lib/pkgconfig/otv_bf7.pc'
[6.897s] Level 1:colcon.colcon_core.environment:checking '/home/ajr/ros2_ws/src/otv_bf7/install/otv_bf7/lib/python3.10/site-packages'
[6.897s] Level 1:colcon.colcon_core.environment:checking '/home/ajr/ros2_ws/src/otv_bf7/install/otv_bf7/bin'
[6.897s] INFO:colcon.colcon_core.shell:Creating package script '/home/ajr/ros2_ws/src/otv_bf7/install/otv_bf7/share/otv_bf7/package.ps1'
[6.897s] INFO:colcon.colcon_core.shell:Creating package descriptor '/home/ajr/ros2_ws/src/otv_bf7/install/otv_bf7/share/otv_bf7/package.dsv'
[6.898s] INFO:colcon.colcon_core.shell:Creating package script '/home/ajr/ros2_ws/src/otv_bf7/install/otv_bf7/share/otv_bf7/package.sh'
[6.898s] INFO:colcon.colcon_core.shell:Creating package script '/home/ajr/ros2_ws/src/otv_bf7/install/otv_bf7/share/otv_bf7/package.bash'
[6.898s] INFO:colcon.colcon_core.shell:Creating package script '/home/ajr/ros2_ws/src/otv_bf7/install/otv_bf7/share/otv_bf7/package.zsh'
[6.898s] Level 1:colcon.colcon_core.environment:create_file_with_runtime_dependencies(/home/ajr/ros2_ws/src/otv_bf7/install/otv_bf7/share/colcon-core/packages/otv_bf7)
[6.899s] DEBUG:colcon.colcon_parallel_executor.executor.parallel:closing loop
[6.899s] DEBUG:colcon.colcon_parallel_executor.executor.parallel:loop closed
[6.899s] DEBUG:colcon.colcon_parallel_executor.executor.parallel:run_until_complete finished with '0'
[6.899s] DEBUG:colcon.colcon_core.event_reactor:joining thread
[6.924s] INFO:colcon.colcon_core.plugin_system:Skipping extension 'colcon_notification.desktop_notification.notify_send': Could not find 'notify-send'
[6.924s] INFO:colcon.colcon_core.plugin_system:Skipping extension 'colcon_notification.desktop_notification.terminal_notifier': Not used on non-Darwin systems
[6.924s] INFO:colcon.colcon_core.plugin_system:Skipping extension 'colcon_notification.desktop_notification.win32': Not used on non-Windows systems
[6.924s] INFO:colcon.colcon_notification.desktop_notification:Sending desktop notification using 'notify2'
[6.925s] DEBUG:colcon.colcon_notification.desktop_notification.notify2:Failed to initialize notify2: org.freedesktop.DBus.Error.FileNotFound: Failed to connect to socket /run/user/1000/bus: No such file or directory
[6.925s] DEBUG:colcon.colcon_core.event_reactor:joined thread
[6.925s] INFO:colcon.colcon_core.shell:Creating prefix script '/home/ajr/ros2_ws/src/otv_bf7/install/local_setup.ps1'
[6.926s] INFO:colcon.colcon_core.shell:Creating prefix util module '/home/ajr/ros2_ws/src/otv_bf7/install/_local_setup_util_ps1.py'
[6.927s] INFO:colcon.colcon_core.shell:Creating prefix chain script '/home/ajr/ros2_ws/src/otv_bf7/install/setup.ps1'
[6.928s] INFO:colcon.colcon_core.shell:Creating prefix script '/home/ajr/ros2_ws/src/otv_bf7/install/local_setup.sh'
[6.928s] INFO:colcon.colcon_core.shell:Creating prefix util module '/home/ajr/ros2_ws/src/otv_bf7/install/_local_setup_util_sh.py'
[6.928s] INFO:colcon.colcon_core.shell:Creating prefix chain script '/home/ajr/ros2_ws/src/otv_bf7/install/setup.sh'
[6.929s] INFO:colcon.colcon_core.shell:Creating prefix script '/home/ajr/ros2_ws/src/otv_bf7/install/local_setup.bash'
[6.930s] INFO:colcon.colcon_core.shell:Creating prefix chain script '/home/ajr/ros2_ws/src/otv_bf7/install/setup.bash'
[6.930s] INFO:colcon.colcon_core.shell:Creating prefix script '/home/ajr/ros2_ws/src/otv_bf7/install/local_setup.zsh'
[6.931s] INFO:colcon.colcon_core.shell:Creating prefix chain script '/home/ajr/ros2_ws/src/otv_bf7/install/setup.zsh'
