[0.013s] Invoking command in '/home/ajr/ros2_ws/src/otv_bf7/build/otv_bf7': CMAKE_PREFIX_PATH=/opt/ros/humble /usr/bin/cmake --build /home/ajr/ros2_ws/src/otv_bf7/build/otv_bf7 -- -j16 -l16
[0.109s] -- Found ament_cmake: 1.3.10 (/opt/ros/humble/share/ament_cmake/cmake)
[0.206s] -- Override CMake install command with custom implementation using symlinks instead of copying resources
[0.225s] -- Found rclcpp: 16.0.10 (/opt/ros/humble/share/rclcpp/cmake)
[0.343s] -- Found rosidl_generator_c: 3.1.5 (/opt/ros/humble/share/rosidl_generator_c/cmake)
[0.347s] -- Found rosidl_adapter: 3.1.5 (/opt/ros/humble/share/rosidl_adapter/cmake)
[0.355s] -- Found rosidl_generator_cpp: 3.1.5 (/opt/ros/humble/share/rosidl_generator_cpp/cmake)
[0.366s] -- Using all available rosidl_typesupport_c: rosidl_typesupport_fastrtps_c;rosidl_typesupport_introspection_c
[0.381s] -- Using all available rosidl_typesupport_cpp: rosidl_typesupport_fastrtps_cpp;rosidl_typesupport_introspection_cpp
[0.418s] -- Found rmw_implementation_cmake: 6.1.2 (/opt/ros/humble/share/rmw_implementation_cmake/cmake)
[0.421s] -- Found rmw_fastrtps_cpp: 6.2.7 (/opt/ros/humble/share/rmw_fastrtps_cpp/cmake)
[3.396s] -- Using RMW implementation 'rmw_fastrtps_cpp' as default
[3.452s] -- Found geometry_msgs: 4.2.4 (/opt/ros/humble/share/geometry_msgs/cmake)
[3.465s] -- Found rclpy: 3.3.14 (/opt/ros/humble/share/rclpy/cmake)
[3.465s] -- Found turtlesim: 1.4.2 (/opt/ros/humble/share/turtlesim/cmake)
[3.517s] -- Found OpenCV: /usr (found version "4.5.4") 
[3.574s] -- Configuring done
[3.598s] -- Generating done
[3.599s] -- Build files have been written to: /home/ajr/ros2_ws/src/otv_bf7/build/otv_bf7
[3.620s] [35m[1mConsolidate compiler generated dependencies of target iranyitas[0m
[3.620s] [35m[1mConsolidate compiler generated dependencies of target draw_node[0m
[3.625s] [ 16%] [32mBuilding CXX object CMakeFiles/overlay.dir/src/overlay.cpp.o[0m
[3.657s] [ 33%] [32mBuilding CXX object CMakeFiles/iranyitas.dir/src/iranyitas.cpp.o[0m
[3.657s] [ 50%] [32mBuilding CXX object CMakeFiles/draw_node.dir/src/draw_node.cpp.o[0m
[5.673s] [01m[K/home/ajr/ros2_ws/src/otv_bf7/src/draw_node.cpp:[m[K In member function ‘[01m[Kvoid DrawNode::draw_track()[m[K’:
[5.673s] [01m[K/home/ajr/ros2_ws/src/otv_bf7/src/draw_node.cpp:23:25:[m[K [01;35m[Kwarning: [m[Kcomparison of integer expressions of different signedness: ‘[01m[Kint[m[K’ and ‘[01m[Kstd::vector<std::pair<double, double> >::size_type[m[K’ {aka ‘[01m[Klong unsigned int[m[K’} [[01;35m[K]8;;https://gcc.gnu.org/onlinedocs/gcc/Warning-Options.html#index-Wsign-compare-Wsign-compare]8;;[m[K]
[5.673s]    23 |         if ([01;35m[Kmove_index_ != directions_.size()[m[K)
[5.673s]       |             [01;35m[K~~~~~~~~~~~~^~~~~~~~~~~~~~~~~~~~~[m[K
[7.262s] [ 66%] [32m[1mLinking CXX executable overlay[0m
[7.262s] [ 83%] [32m[1mLinking CXX executable iranyitas[0m
[7.520s] [ 83%] Built target iranyitas
[7.937s] [ 83%] Built target overlay
[8.394s] [100%] [32m[1mLinking CXX executable draw_node[0m
[8.622s] [100%] Built target draw_node
[8.631s] Invoked command in '/home/ajr/ros2_ws/src/otv_bf7/build/otv_bf7' returned '0': CMAKE_PREFIX_PATH=/opt/ros/humble /usr/bin/cmake --build /home/ajr/ros2_ws/src/otv_bf7/build/otv_bf7 -- -j16 -l16
[8.655s] Invoking command in '/home/ajr/ros2_ws/src/otv_bf7/build/otv_bf7': CMAKE_PREFIX_PATH=/opt/ros/humble /usr/bin/cmake --install /home/ajr/ros2_ws/src/otv_bf7/build/otv_bf7
[8.659s] -- Install configuration: ""
[8.660s] -- Execute custom install script
[8.660s] -- Up-to-date symlink: /home/ajr/ros2_ws/src/otv_bf7/install/otv_bf7/lib/otv_bf7/draw_node
[8.660s] -- Up-to-date symlink: /home/ajr/ros2_ws/src/otv_bf7/install/otv_bf7/lib/otv_bf7/iranyitas
[8.660s] -- Symlinking: /home/ajr/ros2_ws/src/otv_bf7/install/otv_bf7/lib/otv_bf7/overlay
[8.665s] -- Up-to-date symlink: /home/ajr/ros2_ws/src/otv_bf7/install/otv_bf7/share/ament_index/resource_index/package_run_dependencies/otv_bf7
[8.665s] -- Up-to-date symlink: /home/ajr/ros2_ws/src/otv_bf7/install/otv_bf7/share/ament_index/resource_index/parent_prefix_path/otv_bf7
[8.666s] -- Up-to-date symlink: /home/ajr/ros2_ws/src/otv_bf7/install/otv_bf7/share/otv_bf7/environment/ament_prefix_path.sh
[8.666s] -- Up-to-date symlink: /home/ajr/ros2_ws/src/otv_bf7/install/otv_bf7/share/otv_bf7/environment/ament_prefix_path.dsv
[8.666s] -- Up-to-date symlink: /home/ajr/ros2_ws/src/otv_bf7/install/otv_bf7/share/otv_bf7/environment/path.sh
[8.666s] -- Up-to-date symlink: /home/ajr/ros2_ws/src/otv_bf7/install/otv_bf7/share/otv_bf7/environment/path.dsv
[8.666s] -- Up-to-date symlink: /home/ajr/ros2_ws/src/otv_bf7/install/otv_bf7/share/otv_bf7/local_setup.bash
[8.666s] -- Up-to-date symlink: /home/ajr/ros2_ws/src/otv_bf7/install/otv_bf7/share/otv_bf7/local_setup.sh
[8.666s] -- Up-to-date symlink: /home/ajr/ros2_ws/src/otv_bf7/install/otv_bf7/share/otv_bf7/local_setup.zsh
[8.666s] -- Up-to-date symlink: /home/ajr/ros2_ws/src/otv_bf7/install/otv_bf7/share/otv_bf7/local_setup.dsv
[8.667s] -- Symlinking: /home/ajr/ros2_ws/src/otv_bf7/install/otv_bf7/share/otv_bf7/package.dsv
[8.673s] -- Up-to-date symlink: /home/ajr/ros2_ws/src/otv_bf7/install/otv_bf7/share/ament_index/resource_index/packages/otv_bf7
[8.673s] -- Up-to-date symlink: /home/ajr/ros2_ws/src/otv_bf7/install/otv_bf7/share/otv_bf7/cmake/otv_bf7Config.cmake
[8.673s] -- Up-to-date symlink: /home/ajr/ros2_ws/src/otv_bf7/install/otv_bf7/share/otv_bf7/cmake/otv_bf7Config-version.cmake
[8.673s] -- Up-to-date symlink: /home/ajr/ros2_ws/src/otv_bf7/install/otv_bf7/share/otv_bf7/package.xml
[8.675s] Invoked command in '/home/ajr/ros2_ws/src/otv_bf7/build/otv_bf7' returned '0': CMAKE_PREFIX_PATH=/opt/ros/humble /usr/bin/cmake --install /home/ajr/ros2_ws/src/otv_bf7/build/otv_bf7
