-- The C compiler identification is GNU 11.4.0
-- The CXX compiler identification is GNU 11.4.0
-- Detecting C compiler ABI info
-- Detecting C compiler ABI info - done
-- Check for working C compiler: /usr/bin/cc - skipped
-- Detecting C compile features
-- Detecting C compile features - done
-- Detecting CXX compiler ABI info
-- Detecting CXX compiler ABI info - done
-- Check for working CXX compiler: /usr/bin/c++ - skipped
-- Detecting CXX compile features
-- Detecting CXX compile features - done
-- Found ament_cmake: 1.3.10 (/opt/ros/humble/share/ament_cmake/cmake)
-- Found Python3: /usr/bin/python3 (found version "3.10.12") found components: Interpreter 
-- Override CMake install command with custom implementation using symlinks instead of copying resources
-- Found rclcpp: 16.0.10 (/opt/ros/humble/share/rclcpp/cmake)
-- Found rosidl_generator_c: 3.1.5 (/opt/ros/humble/share/rosidl_generator_c/cmake)
-- Found rosidl_adapter: 3.1.5 (/opt/ros/humble/share/rosidl_adapter/cmake)
-- Found rosidl_generator_cpp: 3.1.5 (/opt/ros/humble/share/rosidl_generator_cpp/cmake)
-- Using all available rosidl_typesupport_c: rosidl_typesupport_fastrtps_c;rosidl_typesupport_introspection_c
-- Using all available rosidl_typesupport_cpp: rosidl_typesupport_fastrtps_cpp;rosidl_typesupport_introspection_cpp
-- Found rmw_implementation_cmake: 6.1.2 (/opt/ros/humble/share/rmw_implementation_cmake/cmake)
-- Found rmw_fastrtps_cpp: 6.2.7 (/opt/ros/humble/share/rmw_fastrtps_cpp/cmake)
-- Found OpenSSL: /usr/lib/x86_64-linux-gnu/libcrypto.so (found version "3.0.2")  
-- Found FastRTPS: /opt/ros/humble/include  
-- Using RMW implementation 'rmw_fastrtps_cpp' as default
-- Looking for pthread.h
-- Looking for pthread.h - found
-- Performing Test CMAKE_HAVE_LIBC_PTHREAD
-- Performing Test CMAKE_HAVE_LIBC_PTHREAD - Success
-- Found Threads: TRUE  
-- Found geometry_msgs: 4.2.4 (/opt/ros/humble/share/geometry_msgs/cmake)
-- Found rclpy: 3.3.14 (/opt/ros/humble/share/rclpy/cmake)
-- Found turtlesim: 1.4.2 (/opt/ros/humble/share/turtlesim/cmake)
-- Configuring done
-- Generating done
-- Build files have been written to: /home/ajr/ros2_ws/src/otv_bf7/build/otv_bf7
[ 50%] [32mBuilding CXX object CMakeFiles/iranyitas.dir/src/iranyitas.cpp.o[0m
[ 50%] [32mBuilding CXX object CMakeFiles/draw_node.dir/src/draw_node.cpp.o[0m
[ 75%] [32m[1mLinking CXX executable iranyitas[0m
[ 75%] Built target iranyitas
[100%] [32m[1mLinking CXX executable draw_node[0m
[100%] Built target draw_node
-- Install configuration: ""
-- Execute custom install script
-- Symlinking: /home/ajr/ros2_ws/src/otv_bf7/install/otv_bf7/lib/otv_bf7/draw_node
-- Symlinking: /home/ajr/ros2_ws/src/otv_bf7/install/otv_bf7/lib/otv_bf7/iranyitas
-- Symlinking: /home/ajr/ros2_ws/src/otv_bf7/install/otv_bf7/share/otv_bf7/launch/d_launch.py
-- Symlinking: /home/ajr/ros2_ws/src/otv_bf7/install/otv_bf7/lib/otv_bf7/billentyuzet.py
-- Symlinking: /home/ajr/ros2_ws/src/otv_bf7/install/otv_bf7/share/ament_index/resource_index/package_run_dependencies/otv_bf7
-- Symlinking: /home/ajr/ros2_ws/src/otv_bf7/install/otv_bf7/share/ament_index/resource_index/parent_prefix_path/otv_bf7
-- Symlinking: /home/ajr/ros2_ws/src/otv_bf7/install/otv_bf7/share/otv_bf7/environment/ament_prefix_path.sh
-- Symlinking: /home/ajr/ros2_ws/src/otv_bf7/install/otv_bf7/share/otv_bf7/environment/ament_prefix_path.dsv
-- Symlinking: /home/ajr/ros2_ws/src/otv_bf7/install/otv_bf7/share/otv_bf7/environment/path.sh
-- Symlinking: /home/ajr/ros2_ws/src/otv_bf7/install/otv_bf7/share/otv_bf7/environment/path.dsv
-- Symlinking: /home/ajr/ros2_ws/src/otv_bf7/install/otv_bf7/share/otv_bf7/local_setup.bash
-- Symlinking: /home/ajr/ros2_ws/src/otv_bf7/install/otv_bf7/share/otv_bf7/local_setup.sh
-- Symlinking: /home/ajr/ros2_ws/src/otv_bf7/install/otv_bf7/share/otv_bf7/local_setup.zsh
-- Symlinking: /home/ajr/ros2_ws/src/otv_bf7/install/otv_bf7/share/otv_bf7/local_setup.dsv
-- Symlinking: /home/ajr/ros2_ws/src/otv_bf7/install/otv_bf7/share/otv_bf7/package.dsv
-- Symlinking: /home/ajr/ros2_ws/src/otv_bf7/install/otv_bf7/share/ament_index/resource_index/packages/otv_bf7
-- Symlinking: /home/ajr/ros2_ws/src/otv_bf7/install/otv_bf7/share/otv_bf7/cmake/otv_bf7Config.cmake
-- Symlinking: /home/ajr/ros2_ws/src/otv_bf7/install/otv_bf7/share/otv_bf7/cmake/otv_bf7Config-version.cmake
-- Symlinking: /home/ajr/ros2_ws/src/otv_bf7/install/otv_bf7/share/otv_bf7/package.xml
