[0.013s] Invoking command in '/home/ajr/ros2_ws/src/turtle_race/build/turtle_race': CMAKE_PREFIX_PATH=${CMAKE_PREFIX_PATH}:/home/ajr/ros2_ws/install/arj_transforms_py:/home/ajr/ros2_ws/install/arj_intro_py:/opt/ros/humble /usr/bin/cmake --build /home/ajr/ros2_ws/src/turtle_race/build/turtle_race -- -j16 -l16
[0.039s] -- Found ament_cmake: 1.3.10 (/opt/ros/humble/share/ament_cmake/cmake)
[0.134s] -- Override CMake install command with custom implementation using symlinks instead of copying resources
[0.151s] -- Found rclcpp: 16.0.10 (/opt/ros/humble/share/rclcpp/cmake)
[0.282s] -- Found rosidl_generator_c: 3.1.5 (/opt/ros/humble/share/rosidl_generator_c/cmake)
[0.286s] -- Found rosidl_adapter: 3.1.5 (/opt/ros/humble/share/rosidl_adapter/cmake)
[0.294s] -- Found rosidl_generator_cpp: 3.1.5 (/opt/ros/humble/share/rosidl_generator_cpp/cmake)
[0.306s] -- Using all available rosidl_typesupport_c: rosidl_typesupport_fastrtps_c;rosidl_typesupport_introspection_c
[0.320s] -- Using all available rosidl_typesupport_cpp: rosidl_typesupport_fastrtps_cpp;rosidl_typesupport_introspection_cpp
[0.360s] -- Found rmw_implementation_cmake: 6.1.2 (/opt/ros/humble/share/rmw_implementation_cmake/cmake)
[0.363s] -- Found rmw_fastrtps_cpp: 6.2.7 (/opt/ros/humble/share/rmw_fastrtps_cpp/cmake)
[3.371s] -- Using RMW implementation 'rmw_fastrtps_cpp' as default
[3.428s] -- Found geometry_msgs: 4.2.4 (/opt/ros/humble/share/geometry_msgs/cmake)
[3.442s] [31mCMake Error at /opt/ros/humble/share/ament_cmake_target_dependencies/cmake/ament_target_dependencies.cmake:42 (message):
[3.443s]   ament_target_dependencies() the first argument must be a valid target name
[3.443s] Call Stack (most recent call first):
[3.443s]   CMakeLists.txt:22 (ament_target_dependencies)
[3.443s] 
[3.443s] [0m
[3.443s] -- Configuring incomplete, errors occurred!
[3.443s] See also "/home/ajr/ros2_ws/src/turtle_race/build/turtle_race/CMakeFiles/CMakeOutput.log".
[3.448s] gmake: *** [Makefile:267: cmake_check_build_system] Error 1
[3.449s] Invoked command in '/home/ajr/ros2_ws/src/turtle_race/build/turtle_race' returned '2': CMAKE_PREFIX_PATH=${CMAKE_PREFIX_PATH}:/home/ajr/ros2_ws/install/arj_transforms_py:/home/ajr/ros2_ws/install/arj_intro_py:/opt/ros/humble /usr/bin/cmake --build /home/ajr/ros2_ws/src/turtle_race/build/turtle_race -- -j16 -l16
