[0.009s] Invoking command in '/home/ajr/ros2_ws/src/otv_bf7/build/otv_bf7': CMAKE_PREFIX_PATH=${CMAKE_PREFIX_PATH}:/home/ajr/ros2_ws/install/arj_transforms_py:/home/ajr/ros2_ws/install/arj_intro_py:/opt/ros/humble /usr/bin/cmake --build /home/ajr/ros2_ws/src/otv_bf7/build/otv_bf7 -- -j16 -l16
[0.024s] -- Found ament_cmake: 1.3.10 (/opt/ros/humble/share/ament_cmake/cmake)
[0.106s] -- Found rclcpp: 16.0.10 (/opt/ros/humble/share/rclcpp/cmake)
[0.194s] -- Found rosidl_generator_c: 3.1.5 (/opt/ros/humble/share/rosidl_generator_c/cmake)
[0.196s] -- Found rosidl_adapter: 3.1.5 (/opt/ros/humble/share/rosidl_adapter/cmake)
[0.200s] -- Found rosidl_generator_cpp: 3.1.5 (/opt/ros/humble/share/rosidl_generator_cpp/cmake)
[0.207s] -- Using all available rosidl_typesupport_c: rosidl_typesupport_fastrtps_c;rosidl_typesupport_introspection_c
[0.215s] -- Using all available rosidl_typesupport_cpp: rosidl_typesupport_fastrtps_cpp;rosidl_typesupport_introspection_cpp
[0.237s] -- Found rmw_implementation_cmake: 6.1.2 (/opt/ros/humble/share/rmw_implementation_cmake/cmake)
[0.238s] -- Found rmw_fastrtps_cpp: 6.2.7 (/opt/ros/humble/share/rmw_fastrtps_cpp/cmake)
[3.106s] -- Using RMW implementation 'rmw_fastrtps_cpp' as default
[3.138s] -- Found geometry_msgs: 4.2.4 (/opt/ros/humble/share/geometry_msgs/cmake)
[3.147s] -- Found rclpy: 3.3.14 (/opt/ros/humble/share/rclpy/cmake)
[3.192s] -- Configuring done
[3.200s] -- Generating done
[3.202s] -- Build files have been written to: /home/ajr/ros2_ws/src/otv_bf7/build/otv_bf7
[3.219s] [35m[1mConsolidate compiler generated dependencies of target draw_node[0m
[3.219s] [35m[1mConsolidate compiler generated dependencies of target iranyitas[0m
[3.233s] [ 50%] [32mBuilding CXX object CMakeFiles/iranyitas.dir/src/iranyitas.cpp.o[0m
[3.233s] [ 75%] Built target draw_node
[6.374s] [100%] [32m[1mLinking CXX executable iranyitas[0m
[6.545s] [100%] Built target iranyitas
[6.553s] Invoked command in '/home/ajr/ros2_ws/src/otv_bf7/build/otv_bf7' returned '0': CMAKE_PREFIX_PATH=${CMAKE_PREFIX_PATH}:/home/ajr/ros2_ws/install/arj_transforms_py:/home/ajr/ros2_ws/install/arj_intro_py:/opt/ros/humble /usr/bin/cmake --build /home/ajr/ros2_ws/src/otv_bf7/build/otv_bf7 -- -j16 -l16
[6.577s] Invoking command in '/home/ajr/ros2_ws/src/otv_bf7/build/otv_bf7': CMAKE_PREFIX_PATH=${CMAKE_PREFIX_PATH}:/home/ajr/ros2_ws/install/arj_transforms_py:/home/ajr/ros2_ws/install/arj_intro_py:/opt/ros/humble /usr/bin/cmake --install /home/ajr/ros2_ws/src/otv_bf7/build/otv_bf7
[6.581s] -- Install configuration: ""
[6.581s] -- Up-to-date: /home/ajr/ros2_ws/src/otv_bf7/install/otv_bf7/lib/otv_bf7/draw_node
[6.582s] -- Installing: /home/ajr/ros2_ws/src/otv_bf7/install/otv_bf7/lib/otv_bf7/iranyitas
[6.583s] -- Set runtime path of "/home/ajr/ros2_ws/src/otv_bf7/install/otv_bf7/lib/otv_bf7/iranyitas" to ""
[6.583s] -- Up-to-date: /home/ajr/ros2_ws/src/otv_bf7/install/otv_bf7/share/otv_bf7/launch
[6.583s] -- Up-to-date: /home/ajr/ros2_ws/src/otv_bf7/install/otv_bf7/share/otv_bf7/launch/d_launch.py
[6.583s] -- Up-to-date: /home/ajr/ros2_ws/src/otv_bf7/install/otv_bf7/lib/otv_bf7/billentyuzet.py
[6.583s] -- Up-to-date: /home/ajr/ros2_ws/src/otv_bf7/install/otv_bf7/share/ament_index/resource_index/package_run_dependencies/otv_bf7
[6.583s] -- Installing: /home/ajr/ros2_ws/src/otv_bf7/install/otv_bf7/share/ament_index/resource_index/parent_prefix_path/otv_bf7
[6.584s] -- Up-to-date: /home/ajr/ros2_ws/src/otv_bf7/install/otv_bf7/share/otv_bf7/environment/ament_prefix_path.sh
[6.584s] -- Installing: /home/ajr/ros2_ws/src/otv_bf7/install/otv_bf7/share/otv_bf7/environment/ament_prefix_path.dsv
[6.584s] -- Up-to-date: /home/ajr/ros2_ws/src/otv_bf7/install/otv_bf7/share/otv_bf7/environment/path.sh
[6.584s] -- Installing: /home/ajr/ros2_ws/src/otv_bf7/install/otv_bf7/share/otv_bf7/environment/path.dsv
[6.584s] -- Up-to-date: /home/ajr/ros2_ws/src/otv_bf7/install/otv_bf7/share/otv_bf7/local_setup.bash
[6.584s] -- Up-to-date: /home/ajr/ros2_ws/src/otv_bf7/install/otv_bf7/share/otv_bf7/local_setup.sh
[6.584s] -- Up-to-date: /home/ajr/ros2_ws/src/otv_bf7/install/otv_bf7/share/otv_bf7/local_setup.zsh
[6.584s] -- Installing: /home/ajr/ros2_ws/src/otv_bf7/install/otv_bf7/share/otv_bf7/local_setup.dsv
[6.584s] -- Installing: /home/ajr/ros2_ws/src/otv_bf7/install/otv_bf7/share/otv_bf7/package.dsv
[6.584s] -- Up-to-date: /home/ajr/ros2_ws/src/otv_bf7/install/otv_bf7/share/ament_index/resource_index/packages/otv_bf7
[6.584s] -- Up-to-date: /home/ajr/ros2_ws/src/otv_bf7/install/otv_bf7/share/otv_bf7/cmake/otv_bf7Config.cmake
[6.584s] -- Up-to-date: /home/ajr/ros2_ws/src/otv_bf7/install/otv_bf7/share/otv_bf7/cmake/otv_bf7Config-version.cmake
[6.585s] -- Up-to-date: /home/ajr/ros2_ws/src/otv_bf7/install/otv_bf7/share/otv_bf7/package.xml
[6.585s] Invoked command in '/home/ajr/ros2_ws/src/otv_bf7/build/otv_bf7' returned '0': CMAKE_PREFIX_PATH=${CMAKE_PREFIX_PATH}:/home/ajr/ros2_ws/install/arj_transforms_py:/home/ajr/ros2_ws/install/arj_intro_py:/opt/ros/humble /usr/bin/cmake --install /home/ajr/ros2_ws/src/otv_bf7/build/otv_bf7
