[0.009s] Invoking command in '/home/ajr/ros2_ws/src/turtle_race/build/turtle_race': CMAKE_PREFIX_PATH=${CMAKE_PREFIX_PATH}:/home/ajr/ros2_ws/install/arj_transforms_py:/home/ajr/ros2_ws/install/arj_intro_py:/opt/ros/humble /usr/bin/cmake /home/ajr/ros2_ws/src/turtle_race -DAMENT_CMAKE_SYMLINK_INSTALL=1 -DCMAKE_INSTALL_PREFIX=/home/ajr/ros2_ws/src/turtle_race/install/turtle_race
[0.026s] -- Found ament_cmake: 1.3.10 (/opt/ros/humble/share/ament_cmake/cmake)
[0.128s] -- Override CMake install command with custom implementation using symlinks instead of copying resources
[0.145s] -- Found rclcpp: 16.0.10 (/opt/ros/humble/share/rclcpp/cmake)
[0.272s] -- Found rosidl_generator_c: 3.1.5 (/opt/ros/humble/share/rosidl_generator_c/cmake)
[0.275s] -- Found rosidl_adapter: 3.1.5 (/opt/ros/humble/share/rosidl_adapter/cmake)
[0.283s] -- Found rosidl_generator_cpp: 3.1.5 (/opt/ros/humble/share/rosidl_generator_cpp/cmake)
[0.300s] -- Using all available rosidl_typesupport_c: rosidl_typesupport_fastrtps_c;rosidl_typesupport_introspection_c
[0.317s] -- Using all available rosidl_typesupport_cpp: rosidl_typesupport_fastrtps_cpp;rosidl_typesupport_introspection_cpp
[0.357s] -- Found rmw_implementation_cmake: 6.1.2 (/opt/ros/humble/share/rmw_implementation_cmake/cmake)
[0.360s] -- Found rmw_fastrtps_cpp: 6.2.7 (/opt/ros/humble/share/rmw_fastrtps_cpp/cmake)
[3.239s] -- Using RMW implementation 'rmw_fastrtps_cpp' as default
[3.296s] -- Found geometry_msgs: 4.2.4 (/opt/ros/humble/share/geometry_msgs/cmake)
[3.360s] -- Configuring done
[3.371s] -- Generating done
[3.372s] -- Build files have been written to: /home/ajr/ros2_ws/src/turtle_race/build/turtle_race
[3.378s] Invoked command in '/home/ajr/ros2_ws/src/turtle_race/build/turtle_race' returned '0': CMAKE_PREFIX_PATH=${CMAKE_PREFIX_PATH}:/home/ajr/ros2_ws/install/arj_transforms_py:/home/ajr/ros2_ws/install/arj_intro_py:/opt/ros/humble /usr/bin/cmake /home/ajr/ros2_ws/src/turtle_race -DAMENT_CMAKE_SYMLINK_INSTALL=1 -DCMAKE_INSTALL_PREFIX=/home/ajr/ros2_ws/src/turtle_race/install/turtle_race
[3.379s] Invoking command in '/home/ajr/ros2_ws/src/turtle_race/build/turtle_race': CMAKE_PREFIX_PATH=${CMAKE_PREFIX_PATH}:/home/ajr/ros2_ws/install/arj_transforms_py:/home/ajr/ros2_ws/install/arj_intro_py:/opt/ros/humble /usr/bin/cmake --build /home/ajr/ros2_ws/src/turtle_race/build/turtle_race -- -j16 -l16
[3.404s] [35m[1mConsolidate compiler generated dependencies of target draw_node[0m
[3.418s] [100%] Built target draw_node
[3.425s] Invoked command in '/home/ajr/ros2_ws/src/turtle_race/build/turtle_race' returned '0': CMAKE_PREFIX_PATH=${CMAKE_PREFIX_PATH}:/home/ajr/ros2_ws/install/arj_transforms_py:/home/ajr/ros2_ws/install/arj_intro_py:/opt/ros/humble /usr/bin/cmake --build /home/ajr/ros2_ws/src/turtle_race/build/turtle_race -- -j16 -l16
[3.448s] Invoking command in '/home/ajr/ros2_ws/src/turtle_race/build/turtle_race': CMAKE_PREFIX_PATH=${CMAKE_PREFIX_PATH}:/home/ajr/ros2_ws/install/arj_transforms_py:/home/ajr/ros2_ws/install/arj_intro_py:/opt/ros/humble /usr/bin/cmake --install /home/ajr/ros2_ws/src/turtle_race/build/turtle_race
[3.452s] -- Install configuration: ""
[3.452s] -- Execute custom install script
[3.453s] -- Up-to-date symlink: /home/ajr/ros2_ws/src/turtle_race/install/turtle_race/lib/turtle_race/draw_node
[3.453s] -- Up-to-date symlink: /home/ajr/ros2_ws/src/turtle_race/install/turtle_race/share/turtle_race/launch/d_launch.py
[3.453s] -- Up-to-date symlink: /home/ajr/ros2_ws/src/turtle_race/install/turtle_race/share/ament_index/resource_index/package_run_dependencies/turtle_race
[3.453s] -- Up-to-date symlink: /home/ajr/ros2_ws/src/turtle_race/install/turtle_race/share/ament_index/resource_index/parent_prefix_path/turtle_race
[3.453s] -- Up-to-date symlink: /home/ajr/ros2_ws/src/turtle_race/install/turtle_race/share/turtle_race/environment/ament_prefix_path.sh
[3.453s] -- Up-to-date symlink: /home/ajr/ros2_ws/src/turtle_race/install/turtle_race/share/turtle_race/environment/ament_prefix_path.dsv
[3.454s] -- Up-to-date symlink: /home/ajr/ros2_ws/src/turtle_race/install/turtle_race/share/turtle_race/environment/path.sh
[3.454s] -- Up-to-date symlink: /home/ajr/ros2_ws/src/turtle_race/install/turtle_race/share/turtle_race/environment/path.dsv
[3.454s] -- Up-to-date symlink: /home/ajr/ros2_ws/src/turtle_race/install/turtle_race/share/turtle_race/local_setup.bash
[3.454s] -- Up-to-date symlink: /home/ajr/ros2_ws/src/turtle_race/install/turtle_race/share/turtle_race/local_setup.sh
[3.454s] -- Up-to-date symlink: /home/ajr/ros2_ws/src/turtle_race/install/turtle_race/share/turtle_race/local_setup.zsh
[3.454s] -- Up-to-date symlink: /home/ajr/ros2_ws/src/turtle_race/install/turtle_race/share/turtle_race/local_setup.dsv
[3.454s] -- Symlinking: /home/ajr/ros2_ws/src/turtle_race/install/turtle_race/share/turtle_race/package.dsv
[3.461s] -- Up-to-date symlink: /home/ajr/ros2_ws/src/turtle_race/install/turtle_race/share/ament_index/resource_index/packages/turtle_race
[3.461s] -- Up-to-date symlink: /home/ajr/ros2_ws/src/turtle_race/install/turtle_race/share/turtle_race/cmake/turtle_raceConfig.cmake
[3.461s] -- Up-to-date symlink: /home/ajr/ros2_ws/src/turtle_race/install/turtle_race/share/turtle_race/cmake/turtle_raceConfig-version.cmake
[3.461s] -- Up-to-date symlink: /home/ajr/ros2_ws/src/turtle_race/install/turtle_race/share/turtle_race/package.xml
[3.463s] Invoked command in '/home/ajr/ros2_ws/src/turtle_race/build/turtle_race' returned '0': CMAKE_PREFIX_PATH=${CMAKE_PREFIX_PATH}:/home/ajr/ros2_ws/install/arj_transforms_py:/home/ajr/ros2_ws/install/arj_intro_py:/opt/ros/humble /usr/bin/cmake --install /home/ajr/ros2_ws/src/turtle_race/build/turtle_race
