[0.012s] Invoking command in '/home/ajr/ros2_ws/src/turtle_race/build/turtle_race': CMAKE_PREFIX_PATH=${CMAKE_PREFIX_PATH}:/home/ajr/ros2_ws/install/arj_transforms_py:/home/ajr/ros2_ws/install/arj_intro_py:/opt/ros/humble /usr/bin/cmake /home/ajr/ros2_ws/src/turtle_race -DAMENT_CMAKE_SYMLINK_INSTALL=1 -DCMAKE_INSTALL_PREFIX=/home/ajr/ros2_ws/src/turtle_race/install/turtle_race
[0.222s] -- The C compiler identification is GNU 11.4.0
[0.562s] -- The CXX compiler identification is GNU 11.4.0
[0.778s] -- Detecting C compiler ABI info
[0.880s] -- Detecting C compiler ABI info - done
[0.885s] -- Check for working C compiler: /usr/bin/cc - skipped
[0.886s] -- Detecting C compile features
[0.887s] -- Detecting C compile features - done
[0.890s] -- Detecting CXX compiler ABI info
[0.999s] -- Detecting CXX compiler ABI info - done
[1.005s] -- Check for working CXX compiler: /usr/bin/c++ - skipped
[1.005s] -- Detecting CXX compile features
[1.005s] -- Detecting CXX compile features - done
[1.034s] -- Found ament_cmake: 1.3.10 (/opt/ros/humble/share/ament_cmake/cmake)
[1.151s] -- Found Python3: /usr/bin/python3 (found version "3.10.12") found components: Interpreter 
[1.209s] -- Override CMake install command with custom implementation using symlinks instead of copying resources
[1.260s] -- Found rclcpp: 16.0.10 (/opt/ros/humble/share/rclcpp/cmake)
[1.413s] -- Found rosidl_generator_c: 3.1.5 (/opt/ros/humble/share/rosidl_generator_c/cmake)
[1.421s] -- Found rosidl_adapter: 3.1.5 (/opt/ros/humble/share/rosidl_adapter/cmake)
[1.434s] -- Found rosidl_generator_cpp: 3.1.5 (/opt/ros/humble/share/rosidl_generator_cpp/cmake)
[1.455s] -- Using all available rosidl_typesupport_c: rosidl_typesupport_fastrtps_c;rosidl_typesupport_introspection_c
[1.477s] -- Using all available rosidl_typesupport_cpp: rosidl_typesupport_fastrtps_cpp;rosidl_typesupport_introspection_cpp
[1.541s] -- Found rmw_implementation_cmake: 6.1.2 (/opt/ros/humble/share/rmw_implementation_cmake/cmake)
[1.546s] -- Found rmw_fastrtps_cpp: 6.2.7 (/opt/ros/humble/share/rmw_fastrtps_cpp/cmake)
[2.360s] -- Found OpenSSL: /usr/lib/x86_64-linux-gnu/libcrypto.so (found version "3.0.2")  
[3.187s] -- Found FastRTPS: /opt/ros/humble/include  
[4.743s] -- Using RMW implementation 'rmw_fastrtps_cpp' as default
[4.757s] -- Looking for pthread.h
[4.871s] -- Looking for pthread.h - found
[4.871s] -- Performing Test CMAKE_HAVE_LIBC_PTHREAD
[4.972s] -- Performing Test CMAKE_HAVE_LIBC_PTHREAD - Success
[4.973s] -- Found Threads: TRUE  
[5.039s] -- Found geometry_msgs: 4.2.4 (/opt/ros/humble/share/geometry_msgs/cmake)
[5.107s] -- Configuring done
[5.118s] -- Generating done
[5.120s] -- Build files have been written to: /home/ajr/ros2_ws/src/turtle_race/build/turtle_race
[5.129s] Invoked command in '/home/ajr/ros2_ws/src/turtle_race/build/turtle_race' returned '0': CMAKE_PREFIX_PATH=${CMAKE_PREFIX_PATH}:/home/ajr/ros2_ws/install/arj_transforms_py:/home/ajr/ros2_ws/install/arj_intro_py:/opt/ros/humble /usr/bin/cmake /home/ajr/ros2_ws/src/turtle_race -DAMENT_CMAKE_SYMLINK_INSTALL=1 -DCMAKE_INSTALL_PREFIX=/home/ajr/ros2_ws/src/turtle_race/install/turtle_race
[5.130s] Invoking command in '/home/ajr/ros2_ws/src/turtle_race/build/turtle_race': CMAKE_PREFIX_PATH=${CMAKE_PREFIX_PATH}:/home/ajr/ros2_ws/install/arj_transforms_py:/home/ajr/ros2_ws/install/arj_intro_py:/opt/ros/humble /usr/bin/cmake --build /home/ajr/ros2_ws/src/turtle_race/build/turtle_race -- -j16 -l16
[5.164s] [ 50%] [32mBuilding CXX object CMakeFiles/draw_node.dir/src/draw_node.cpp.o[0m
[8.462s] [100%] [32m[1mLinking CXX executable draw_node[0m
[8.694s] [100%] Built target draw_node
[8.703s] Invoked command in '/home/ajr/ros2_ws/src/turtle_race/build/turtle_race' returned '0': CMAKE_PREFIX_PATH=${CMAKE_PREFIX_PATH}:/home/ajr/ros2_ws/install/arj_transforms_py:/home/ajr/ros2_ws/install/arj_intro_py:/opt/ros/humble /usr/bin/cmake --build /home/ajr/ros2_ws/src/turtle_race/build/turtle_race -- -j16 -l16
[8.727s] Invoking command in '/home/ajr/ros2_ws/src/turtle_race/build/turtle_race': CMAKE_PREFIX_PATH=${CMAKE_PREFIX_PATH}:/home/ajr/ros2_ws/install/arj_transforms_py:/home/ajr/ros2_ws/install/arj_intro_py:/opt/ros/humble /usr/bin/cmake --install /home/ajr/ros2_ws/src/turtle_race/build/turtle_race
[8.732s] -- Install configuration: ""
[8.732s] -- Execute custom install script
[8.733s] -- Symlinking: /home/ajr/ros2_ws/src/turtle_race/install/turtle_race/lib/turtle_race/draw_node
[8.741s] -- Symlinking: /home/ajr/ros2_ws/src/turtle_race/install/turtle_race/share/turtle_race/launch/d_launch.py
[8.747s] -- Symlinking: /home/ajr/ros2_ws/src/turtle_race/install/turtle_race/share/ament_index/resource_index/package_run_dependencies/turtle_race
[8.754s] -- Symlinking: /home/ajr/ros2_ws/src/turtle_race/install/turtle_race/share/ament_index/resource_index/parent_prefix_path/turtle_race
[8.761s] -- Symlinking: /home/ajr/ros2_ws/src/turtle_race/install/turtle_race/share/turtle_race/environment/ament_prefix_path.sh
[8.767s] -- Symlinking: /home/ajr/ros2_ws/src/turtle_race/install/turtle_race/share/turtle_race/environment/ament_prefix_path.dsv
[8.773s] -- Symlinking: /home/ajr/ros2_ws/src/turtle_race/install/turtle_race/share/turtle_race/environment/path.sh
[8.779s] -- Symlinking: /home/ajr/ros2_ws/src/turtle_race/install/turtle_race/share/turtle_race/environment/path.dsv
[8.786s] -- Symlinking: /home/ajr/ros2_ws/src/turtle_race/install/turtle_race/share/turtle_race/local_setup.bash
[8.791s] -- Symlinking: /home/ajr/ros2_ws/src/turtle_race/install/turtle_race/share/turtle_race/local_setup.sh
[8.797s] -- Symlinking: /home/ajr/ros2_ws/src/turtle_race/install/turtle_race/share/turtle_race/local_setup.zsh
[8.803s] -- Symlinking: /home/ajr/ros2_ws/src/turtle_race/install/turtle_race/share/turtle_race/local_setup.dsv
[8.808s] -- Symlinking: /home/ajr/ros2_ws/src/turtle_race/install/turtle_race/share/turtle_race/package.dsv
[8.814s] -- Symlinking: /home/ajr/ros2_ws/src/turtle_race/install/turtle_race/share/ament_index/resource_index/packages/turtle_race
[8.820s] -- Symlinking: /home/ajr/ros2_ws/src/turtle_race/install/turtle_race/share/turtle_race/cmake/turtle_raceConfig.cmake
[8.826s] -- Symlinking: /home/ajr/ros2_ws/src/turtle_race/install/turtle_race/share/turtle_race/cmake/turtle_raceConfig-version.cmake
[8.832s] -- Symlinking: /home/ajr/ros2_ws/src/turtle_race/install/turtle_race/share/turtle_race/package.xml
[8.839s] Invoked command in '/home/ajr/ros2_ws/src/turtle_race/build/turtle_race' returned '0': CMAKE_PREFIX_PATH=${CMAKE_PREFIX_PATH}:/home/ajr/ros2_ws/install/arj_transforms_py:/home/ajr/ros2_ws/install/arj_intro_py:/opt/ros/humble /usr/bin/cmake --install /home/ajr/ros2_ws/src/turtle_race/build/turtle_race
