[0.009s] Invoking command in '/home/ajr/ros2_ws/src/otv_bf7/build/otv_bf7': CMAKE_PREFIX_PATH=${CMAKE_PREFIX_PATH}:/home/ajr/ros2_ws/install/arj_transforms_py:/home/ajr/ros2_ws/install/arj_intro_py:/opt/ros/humble /usr/bin/cmake /home/ajr/ros2_ws/src/otv_bf7 -DCMAKE_INSTALL_PREFIX=/home/ajr/ros2_ws/src/otv_bf7/install/otv_bf7
[0.167s] -- The C compiler identification is GNU 11.4.0
[0.510s] -- The CXX compiler identification is GNU 11.4.0
[0.721s] -- Detecting C compiler ABI info
[0.819s] -- Detecting C compiler ABI info - done
[0.824s] -- Check for working C compiler: /usr/bin/cc - skipped
[0.825s] -- Detecting C compile features
[0.826s] -- Detecting C compile features - done
[0.828s] -- Detecting CXX compiler ABI info
[0.933s] -- Detecting CXX compiler ABI info - done
[0.938s] -- Check for working CXX compiler: /usr/bin/c++ - skipped
[0.938s] -- Detecting CXX compile features
[0.938s] -- Detecting CXX compile features - done
[0.956s] -- Found ament_cmake: 1.3.10 (/opt/ros/humble/share/ament_cmake/cmake)
[1.060s] -- Found Python3: /usr/bin/python3 (found version "3.10.12") found components: Interpreter 
[1.138s] -- Found rclcpp: 16.0.10 (/opt/ros/humble/share/rclcpp/cmake)
[1.255s] -- Found rosidl_generator_c: 3.1.5 (/opt/ros/humble/share/rosidl_generator_c/cmake)
[1.261s] -- Found rosidl_adapter: 3.1.5 (/opt/ros/humble/share/rosidl_adapter/cmake)
[1.269s] -- Found rosidl_generator_cpp: 3.1.5 (/opt/ros/humble/share/rosidl_generator_cpp/cmake)
[1.283s] -- Using all available rosidl_typesupport_c: rosidl_typesupport_fastrtps_c;rosidl_typesupport_introspection_c
[1.299s] -- Using all available rosidl_typesupport_cpp: rosidl_typesupport_fastrtps_cpp;rosidl_typesupport_introspection_cpp
[1.342s] -- Found rmw_implementation_cmake: 6.1.2 (/opt/ros/humble/share/rmw_implementation_cmake/cmake)
[1.343s] -- Found rmw_fastrtps_cpp: 6.2.7 (/opt/ros/humble/share/rmw_fastrtps_cpp/cmake)
[2.125s] -- Found OpenSSL: /usr/lib/x86_64-linux-gnu/libcrypto.so (found version "3.0.2")  
[2.949s] -- Found FastRTPS: /opt/ros/humble/include  
[4.214s] -- Using RMW implementation 'rmw_fastrtps_cpp' as default
[4.225s] -- Looking for pthread.h
[4.326s] -- Looking for pthread.h - found
[4.327s] -- Performing Test CMAKE_HAVE_LIBC_PTHREAD
[4.415s] -- Performing Test CMAKE_HAVE_LIBC_PTHREAD - Success
[4.415s] -- Found Threads: TRUE  
[4.457s] -- Found geometry_msgs: 4.2.4 (/opt/ros/humble/share/geometry_msgs/cmake)
[4.467s] -- Found rclpy: 3.3.14 (/opt/ros/humble/share/rclpy/cmake)
[4.513s] -- Configuring done
[4.524s] -- Generating done
[4.525s] -- Build files have been written to: /home/ajr/ros2_ws/src/otv_bf7/build/otv_bf7
[4.534s] Invoked command in '/home/ajr/ros2_ws/src/otv_bf7/build/otv_bf7' returned '0': CMAKE_PREFIX_PATH=${CMAKE_PREFIX_PATH}:/home/ajr/ros2_ws/install/arj_transforms_py:/home/ajr/ros2_ws/install/arj_intro_py:/opt/ros/humble /usr/bin/cmake /home/ajr/ros2_ws/src/otv_bf7 -DCMAKE_INSTALL_PREFIX=/home/ajr/ros2_ws/src/otv_bf7/install/otv_bf7
[4.535s] Invoking command in '/home/ajr/ros2_ws/src/otv_bf7/build/otv_bf7': CMAKE_PREFIX_PATH=${CMAKE_PREFIX_PATH}:/home/ajr/ros2_ws/install/arj_transforms_py:/home/ajr/ros2_ws/install/arj_intro_py:/opt/ros/humble /usr/bin/cmake --build /home/ajr/ros2_ws/src/otv_bf7/build/otv_bf7 -- -j16 -l16
[4.566s] [ 50%] [32mBuilding CXX object CMakeFiles/draw_node.dir/src/draw_node.cpp.o[0m
[4.566s] [ 50%] [32mBuilding CXX object CMakeFiles/iranyitas.dir/src/iranyitas.cpp.o[0m
[7.959s] [ 75%] [32m[1mLinking CXX executable draw_node[0m
[8.159s] [ 75%] Built target draw_node
[10.871s] [100%] [32m[1mLinking CXX executable iranyitas[0m
[11.166s] [100%] Built target iranyitas
[11.174s] Invoked command in '/home/ajr/ros2_ws/src/otv_bf7/build/otv_bf7' returned '0': CMAKE_PREFIX_PATH=${CMAKE_PREFIX_PATH}:/home/ajr/ros2_ws/install/arj_transforms_py:/home/ajr/ros2_ws/install/arj_intro_py:/opt/ros/humble /usr/bin/cmake --build /home/ajr/ros2_ws/src/otv_bf7/build/otv_bf7 -- -j16 -l16
[11.199s] Invoking command in '/home/ajr/ros2_ws/src/otv_bf7/build/otv_bf7': CMAKE_PREFIX_PATH=${CMAKE_PREFIX_PATH}:/home/ajr/ros2_ws/install/arj_transforms_py:/home/ajr/ros2_ws/install/arj_intro_py:/opt/ros/humble /usr/bin/cmake --install /home/ajr/ros2_ws/src/otv_bf7/build/otv_bf7
[11.204s] -- Install configuration: ""
[11.205s] -- Installing: /home/ajr/ros2_ws/src/otv_bf7/install/otv_bf7/lib/otv_bf7/draw_node
[11.206s] -- Set runtime path of "/home/ajr/ros2_ws/src/otv_bf7/install/otv_bf7/lib/otv_bf7/draw_node" to ""
[11.206s] -- Installing: /home/ajr/ros2_ws/src/otv_bf7/install/otv_bf7/lib/otv_bf7/iranyitas
[11.210s] -- Set runtime path of "/home/ajr/ros2_ws/src/otv_bf7/install/otv_bf7/lib/otv_bf7/iranyitas" to ""
[11.210s] -- Installing: /home/ajr/ros2_ws/src/otv_bf7/install/otv_bf7/share/otv_bf7/launch
[11.210s] -- Installing: /home/ajr/ros2_ws/src/otv_bf7/install/otv_bf7/share/otv_bf7/launch/d_launch.py
[11.211s] -- Installing: /home/ajr/ros2_ws/src/otv_bf7/install/otv_bf7/lib/otv_bf7/billentyuzet.py
[11.211s] -- Installing: /home/ajr/ros2_ws/src/otv_bf7/install/otv_bf7/share/ament_index/resource_index/package_run_dependencies/otv_bf7
[11.212s] -- Installing: /home/ajr/ros2_ws/src/otv_bf7/install/otv_bf7/share/ament_index/resource_index/parent_prefix_path/otv_bf7
[11.212s] -- Installing: /home/ajr/ros2_ws/src/otv_bf7/install/otv_bf7/share/otv_bf7/environment/ament_prefix_path.sh
[11.212s] -- Installing: /home/ajr/ros2_ws/src/otv_bf7/install/otv_bf7/share/otv_bf7/environment/ament_prefix_path.dsv
[11.212s] -- Installing: /home/ajr/ros2_ws/src/otv_bf7/install/otv_bf7/share/otv_bf7/environment/path.sh
[11.212s] -- Installing: /home/ajr/ros2_ws/src/otv_bf7/install/otv_bf7/share/otv_bf7/environment/path.dsv
[11.212s] -- Installing: /home/ajr/ros2_ws/src/otv_bf7/install/otv_bf7/share/otv_bf7/local_setup.bash
[11.213s] -- Installing: /home/ajr/ros2_ws/src/otv_bf7/install/otv_bf7/share/otv_bf7/local_setup.sh
[11.213s] -- Installing: /home/ajr/ros2_ws/src/otv_bf7/install/otv_bf7/share/otv_bf7/local_setup.zsh
[11.213s] -- Installing: /home/ajr/ros2_ws/src/otv_bf7/install/otv_bf7/share/otv_bf7/local_setup.dsv
[11.213s] -- Installing: /home/ajr/ros2_ws/src/otv_bf7/install/otv_bf7/share/otv_bf7/package.dsv
[11.213s] -- Installing: /home/ajr/ros2_ws/src/otv_bf7/install/otv_bf7/share/ament_index/resource_index/packages/otv_bf7
[11.214s] -- Installing: /home/ajr/ros2_ws/src/otv_bf7/install/otv_bf7/share/otv_bf7/cmake/otv_bf7Config.cmake
[11.214s] -- Installing: /home/ajr/ros2_ws/src/otv_bf7/install/otv_bf7/share/otv_bf7/cmake/otv_bf7Config-version.cmake
[11.214s] -- Installing: /home/ajr/ros2_ws/src/otv_bf7/install/otv_bf7/share/otv_bf7/package.xml
[11.216s] Invoked command in '/home/ajr/ros2_ws/src/otv_bf7/build/otv_bf7' returned '0': CMAKE_PREFIX_PATH=${CMAKE_PREFIX_PATH}:/home/ajr/ros2_ws/install/arj_transforms_py:/home/ajr/ros2_ws/install/arj_intro_py:/opt/ros/humble /usr/bin/cmake --install /home/ajr/ros2_ws/src/otv_bf7/build/otv_bf7
