[0.008s] Invoking command in '/home/ajr/ros2_ws/src/otv_bf7/build/otv_bf7': CMAKE_PREFIX_PATH=/opt/ros/humble /usr/bin/cmake --build /home/ajr/ros2_ws/src/otv_bf7/build/otv_bf7 -- -j16 -l16
[0.023s] -- Found ament_cmake: 1.3.10 (/opt/ros/humble/share/ament_cmake/cmake)
[0.102s] -- Found rclcpp: 16.0.10 (/opt/ros/humble/share/rclcpp/cmake)
[0.186s] -- Found rosidl_generator_c: 3.1.5 (/opt/ros/humble/share/rosidl_generator_c/cmake)
[0.188s] -- Found rosidl_adapter: 3.1.5 (/opt/ros/humble/share/rosidl_adapter/cmake)
[0.192s] -- Found rosidl_generator_cpp: 3.1.5 (/opt/ros/humble/share/rosidl_generator_cpp/cmake)
[0.198s] -- Using all available rosidl_typesupport_c: rosidl_typesupport_fastrtps_c;rosidl_typesupport_introspection_c
[0.206s] -- Using all available rosidl_typesupport_cpp: rosidl_typesupport_fastrtps_cpp;rosidl_typesupport_introspection_cpp
[0.227s] -- Found rmw_implementation_cmake: 6.1.2 (/opt/ros/humble/share/rmw_implementation_cmake/cmake)
[0.228s] -- Found rmw_fastrtps_cpp: 6.2.7 (/opt/ros/humble/share/rmw_fastrtps_cpp/cmake)
[3.165s] -- Using RMW implementation 'rmw_fastrtps_cpp' as default
[3.196s] -- Found geometry_msgs: 4.2.4 (/opt/ros/humble/share/geometry_msgs/cmake)
[3.204s] -- Found rclpy: 3.3.14 (/opt/ros/humble/share/rclpy/cmake)
[3.219s] [31mCMake Error at /opt/ros/humble/share/ament_cmake_python/cmake/ament_python_install_package.cmake:39 (_ament_cmake_python_install_package):
[3.219s]   _ament_cmake_python_install_package Function invoked with incorrect
[3.219s]   arguments for function named: _ament_cmake_python_install_package
[3.219s] Call Stack (most recent call first):
[3.219s]   CMakeLists.txt:15 (ament_python_install_package)
[3.219s] 
[3.220s] [0m
[3.263s] -- Configuring incomplete, errors occurred!
[3.263s] See also "/home/ajr/ros2_ws/src/otv_bf7/build/otv_bf7/CMakeFiles/CMakeOutput.log".
[3.268s] gmake: *** [Makefile:308: cmake_check_build_system] Error 1
[3.270s] Invoked command in '/home/ajr/ros2_ws/src/otv_bf7/build/otv_bf7' returned '2': CMAKE_PREFIX_PATH=/opt/ros/humble /usr/bin/cmake --build /home/ajr/ros2_ws/src/otv_bf7/build/otv_bf7 -- -j16 -l16
