[0.229s] DEBUG:colcon:Command line arguments: ['/usr/bin/colcon', 'build', '--packages-select', 'turtle_race']
[0.229s] DEBUG:colcon:Parsed command line arguments: Namespace(log_base=None, log_level=None, verb_name='build', build_base='build', install_base='install', merge_install=False, symlink_install=False, test_result_base=None, continue_on_error=False, executor='parallel', parallel_workers=16, event_handlers=None, ignore_user_meta=False, metas=['./colcon.meta'], base_paths=['.'], packages_ignore=None, packages_ignore_regex=None, paths=None, packages_up_to=None, packages_up_to_regex=None, packages_above=None, packages_above_and_dependencies=None, packages_above_depth=None, packages_select_by_dep=None, packages_skip_by_dep=None, packages_skip_up_to=None, packages_select_build_failed=False, packages_skip_build_finished=False, packages_select_test_failures=False, packages_skip_test_passed=False, packages_select=['turtle_race'], packages_skip=None, packages_select_regex=None, packages_skip_regex=None, packages_start=None, packages_end=None, allow_overriding=[], cmake_args=None, cmake_target=None, cmake_target_skip_unavailable=False, cmake_clean_cache=False, cmake_clean_first=False, cmake_force_configure=False, ament_cmake_args=None, catkin_cmake_args=None, catkin_skip_building_tests=False, mixin_files=None, mixin=None, verb_parser=<colcon_mixin.mixin.mixin_argument.MixinArgumentDecorator object at 0x7f3bac1c1780>, verb_extension=<colcon_core.verb.build.BuildVerb object at 0x7f3bac1c1210>, main=<bound method BuildVerb.main of <colcon_core.verb.build.BuildVerb object at 0x7f3bac1c1210>>, mixin_verb=('build',))
[0.494s] Level 1:colcon.colcon_core.package_discovery:discover_packages(colcon_meta) check parameters
[0.494s] Level 1:colcon.colcon_core.package_discovery:discover_packages(recursive) check parameters
[0.494s] Level 1:colcon.colcon_core.package_discovery:discover_packages(ignore) check parameters
[0.494s] Level 1:colcon.colcon_core.package_discovery:discover_packages(path) check parameters
[0.494s] Level 1:colcon.colcon_core.package_discovery:discover_packages(colcon_meta) discover
[0.494s] Level 1:colcon.colcon_core.package_discovery:discover_packages(recursive) discover
[0.494s] INFO:colcon.colcon_core.package_discovery:Crawling recursively for packages in '/home/ajr/ros2_ws/src/turtle_race'
[0.494s] Level 1:colcon.colcon_core.package_identification:_identify(.) by extensions ['ignore', 'ignore_ament_install']
[0.494s] Level 1:colcon.colcon_core.package_identification:_identify(.) by extension 'ignore'
[0.494s] Level 1:colcon.colcon_core.package_identification:_identify(.) by extension 'ignore_ament_install'
[0.494s] Level 1:colcon.colcon_core.package_identification:_identify(.) by extensions ['colcon_pkg']
[0.494s] Level 1:colcon.colcon_core.package_identification:_identify(.) by extension 'colcon_pkg'
[0.494s] Level 1:colcon.colcon_core.package_identification:_identify(.) by extensions ['colcon_meta']
[0.494s] Level 1:colcon.colcon_core.package_identification:_identify(.) by extension 'colcon_meta'
[0.495s] Level 1:colcon.colcon_core.package_identification:_identify(.) by extensions ['ros']
[0.495s] Level 1:colcon.colcon_core.package_identification:_identify(.) by extension 'ros'
[0.508s] DEBUG:colcon.colcon_core.package_identification:Package '.' with type 'ros.ament_cmake' and name 'turtle_race'
[0.508s] Level 1:colcon.colcon_core.package_discovery:discover_packages(recursive) using defaults
[0.508s] Level 1:colcon.colcon_core.package_discovery:discover_packages(ignore) discover
[0.508s] Level 1:colcon.colcon_core.package_discovery:discover_packages(ignore) using defaults
[0.508s] Level 1:colcon.colcon_core.package_discovery:discover_packages(path) discover
[0.508s] Level 1:colcon.colcon_core.package_discovery:discover_packages(path) using defaults
[0.532s] Level 1:colcon.colcon_core.package_discovery:discover_packages(prefix_path) check parameters
[0.532s] Level 1:colcon.colcon_core.package_discovery:discover_packages(prefix_path) discover
[0.538s] DEBUG:colcon.colcon_installed_package_information.package_discovery:Found 13 installed packages in /home/ajr/ros2_ws/install
[0.540s] DEBUG:colcon.colcon_installed_package_information.package_discovery:Found 290 installed packages in /opt/ros/humble
[0.541s] Level 1:colcon.colcon_core.package_discovery:discover_packages(prefix_path) using defaults
[0.639s] Level 5:colcon.colcon_core.verb:set package 'turtle_race' build argument 'cmake_args' from command line to 'None'
[0.639s] Level 5:colcon.colcon_core.verb:set package 'turtle_race' build argument 'cmake_target' from command line to 'None'
[0.639s] Level 5:colcon.colcon_core.verb:set package 'turtle_race' build argument 'cmake_target_skip_unavailable' from command line to 'False'
[0.639s] Level 5:colcon.colcon_core.verb:set package 'turtle_race' build argument 'cmake_clean_cache' from command line to 'False'
[0.639s] Level 5:colcon.colcon_core.verb:set package 'turtle_race' build argument 'cmake_clean_first' from command line to 'False'
[0.639s] Level 5:colcon.colcon_core.verb:set package 'turtle_race' build argument 'cmake_force_configure' from command line to 'False'
[0.639s] Level 5:colcon.colcon_core.verb:set package 'turtle_race' build argument 'ament_cmake_args' from command line to 'None'
[0.639s] Level 5:colcon.colcon_core.verb:set package 'turtle_race' build argument 'catkin_cmake_args' from command line to 'None'
[0.639s] Level 5:colcon.colcon_core.verb:set package 'turtle_race' build argument 'catkin_skip_building_tests' from command line to 'False'
[0.639s] DEBUG:colcon.colcon_core.verb:Building package 'turtle_race' with the following arguments: {'ament_cmake_args': None, 'build_base': '/home/ajr/ros2_ws/src/turtle_race/build/turtle_race', 'catkin_cmake_args': None, 'catkin_skip_building_tests': False, 'cmake_args': None, 'cmake_clean_cache': False, 'cmake_clean_first': False, 'cmake_force_configure': False, 'cmake_target': None, 'cmake_target_skip_unavailable': False, 'install_base': '/home/ajr/ros2_ws/src/turtle_race/install/turtle_race', 'merge_install': False, 'path': '/home/ajr/ros2_ws/src/turtle_race', 'symlink_install': False, 'test_result_base': None}
[0.639s] INFO:colcon.colcon_core.executor:Executing jobs using 'parallel' executor
[0.640s] DEBUG:colcon.colcon_parallel_executor.executor.parallel:run_until_complete
[0.641s] INFO:colcon.colcon_ros.task.ament_cmake.build:Building ROS package in '/home/ajr/ros2_ws/src/turtle_race' with build type 'ament_cmake'
[0.641s] INFO:colcon.colcon_cmake.task.cmake.build:Building CMake package in '/home/ajr/ros2_ws/src/turtle_race'
[0.645s] INFO:colcon.colcon_core.plugin_system:Skipping extension 'colcon_core.shell.bat': Not used on non-Windows systems
[0.645s] INFO:colcon.colcon_core.shell:Skip shell extension 'powershell' for command environment: Not usable outside of PowerShell
[0.645s] DEBUG:colcon.colcon_core.shell:Skip shell extension 'dsv' for command environment
[0.654s] DEBUG:colcon.colcon_core.event_handler.log_command:Invoking command in '/home/ajr/ros2_ws/src/turtle_race/build/turtle_race': CMAKE_PREFIX_PATH=${CMAKE_PREFIX_PATH}:/home/ajr/ros2_ws/install/arj_transforms_py:/home/ajr/ros2_ws/install/arj_intro_py:/opt/ros/humble /usr/bin/cmake --build /home/ajr/ros2_ws/src/turtle_race/build/turtle_race -- -j16 -l16
[4.211s] DEBUG:colcon.colcon_core.event_handler.log_command:Invoked command in '/home/ajr/ros2_ws/src/turtle_race/build/turtle_race' returned '0': CMAKE_PREFIX_PATH=${CMAKE_PREFIX_PATH}:/home/ajr/ros2_ws/install/arj_transforms_py:/home/ajr/ros2_ws/install/arj_intro_py:/opt/ros/humble /usr/bin/cmake --build /home/ajr/ros2_ws/src/turtle_race/build/turtle_race -- -j16 -l16
[4.232s] DEBUG:colcon.colcon_core.event_handler.log_command:Invoking command in '/home/ajr/ros2_ws/src/turtle_race/build/turtle_race': CMAKE_PREFIX_PATH=${CMAKE_PREFIX_PATH}:/home/ajr/ros2_ws/install/arj_transforms_py:/home/ajr/ros2_ws/install/arj_intro_py:/opt/ros/humble /usr/bin/cmake --install /home/ajr/ros2_ws/src/turtle_race/build/turtle_race
[4.248s] Level 1:colcon.colcon_core.environment:create_environment_scripts_only(turtle_race)
[4.249s] DEBUG:colcon.colcon_core.event_handler.log_command:Invoked command in '/home/ajr/ros2_ws/src/turtle_race/build/turtle_race' returned '0': CMAKE_PREFIX_PATH=${CMAKE_PREFIX_PATH}:/home/ajr/ros2_ws/install/arj_transforms_py:/home/ajr/ros2_ws/install/arj_intro_py:/opt/ros/humble /usr/bin/cmake --install /home/ajr/ros2_ws/src/turtle_race/build/turtle_race
[4.254s] Level 1:colcon.colcon_core.environment:checking '/home/ajr/ros2_ws/src/turtle_race/install/turtle_race' for CMake module files
[4.255s] Level 1:colcon.colcon_core.environment:checking '/home/ajr/ros2_ws/src/turtle_race/install/turtle_race' for CMake config files
[4.257s] Level 1:colcon.colcon_core.shell:create_environment_hook('turtle_race', 'cmake_prefix_path')
[4.257s] INFO:colcon.colcon_core.shell:Creating environment hook '/home/ajr/ros2_ws/src/turtle_race/install/turtle_race/share/turtle_race/hook/cmake_prefix_path.ps1'
[4.257s] INFO:colcon.colcon_core.shell:Creating environment descriptor '/home/ajr/ros2_ws/src/turtle_race/install/turtle_race/share/turtle_race/hook/cmake_prefix_path.dsv'
[4.258s] INFO:colcon.colcon_core.shell:Creating environment hook '/home/ajr/ros2_ws/src/turtle_race/install/turtle_race/share/turtle_race/hook/cmake_prefix_path.sh'
[4.259s] Level 1:colcon.colcon_core.environment:checking '/home/ajr/ros2_ws/src/turtle_race/install/turtle_race/lib'
[4.259s] Level 1:colcon.colcon_core.environment:checking '/home/ajr/ros2_ws/src/turtle_race/install/turtle_race/bin'
[4.259s] Level 1:colcon.colcon_core.environment:checking '/home/ajr/ros2_ws/src/turtle_race/install/turtle_race/lib/pkgconfig/turtle_race.pc'
[4.260s] Level 1:colcon.colcon_core.environment:checking '/home/ajr/ros2_ws/src/turtle_race/install/turtle_race/lib/python3.10/site-packages'
[4.260s] Level 1:colcon.colcon_core.environment:checking '/home/ajr/ros2_ws/src/turtle_race/install/turtle_race/bin'
[4.260s] INFO:colcon.colcon_core.shell:Creating package script '/home/ajr/ros2_ws/src/turtle_race/install/turtle_race/share/turtle_race/package.ps1'
[4.261s] INFO:colcon.colcon_core.shell:Creating package descriptor '/home/ajr/ros2_ws/src/turtle_race/install/turtle_race/share/turtle_race/package.dsv'
[4.261s] INFO:colcon.colcon_core.shell:Creating package script '/home/ajr/ros2_ws/src/turtle_race/install/turtle_race/share/turtle_race/package.sh'
[4.262s] INFO:colcon.colcon_core.shell:Creating package script '/home/ajr/ros2_ws/src/turtle_race/install/turtle_race/share/turtle_race/package.bash'
[4.263s] INFO:colcon.colcon_core.shell:Creating package script '/home/ajr/ros2_ws/src/turtle_race/install/turtle_race/share/turtle_race/package.zsh'
[4.263s] Level 1:colcon.colcon_core.environment:create_file_with_runtime_dependencies(/home/ajr/ros2_ws/src/turtle_race/install/turtle_race/share/colcon-core/packages/turtle_race)
[4.280s] Level 1:colcon.colcon_core.environment:create_environment_scripts_only(turtle_race)
[4.280s] Level 1:colcon.colcon_core.environment:checking '/home/ajr/ros2_ws/src/turtle_race/install/turtle_race' for CMake module files
[4.281s] Level 1:colcon.colcon_core.environment:checking '/home/ajr/ros2_ws/src/turtle_race/install/turtle_race' for CMake config files
[4.281s] Level 1:colcon.colcon_core.shell:create_environment_hook('turtle_race', 'cmake_prefix_path')
[4.281s] INFO:colcon.colcon_core.shell:Creating environment hook '/home/ajr/ros2_ws/src/turtle_race/install/turtle_race/share/turtle_race/hook/cmake_prefix_path.ps1'
[4.281s] INFO:colcon.colcon_core.shell:Creating environment descriptor '/home/ajr/ros2_ws/src/turtle_race/install/turtle_race/share/turtle_race/hook/cmake_prefix_path.dsv'
[4.282s] INFO:colcon.colcon_core.shell:Creating environment hook '/home/ajr/ros2_ws/src/turtle_race/install/turtle_race/share/turtle_race/hook/cmake_prefix_path.sh'
[4.282s] Level 1:colcon.colcon_core.environment:checking '/home/ajr/ros2_ws/src/turtle_race/install/turtle_race/lib'
[4.282s] Level 1:colcon.colcon_core.environment:checking '/home/ajr/ros2_ws/src/turtle_race/install/turtle_race/bin'
[4.282s] Level 1:colcon.colcon_core.environment:checking '/home/ajr/ros2_ws/src/turtle_race/install/turtle_race/lib/pkgconfig/turtle_race.pc'
[4.282s] Level 1:colcon.colcon_core.environment:checking '/home/ajr/ros2_ws/src/turtle_race/install/turtle_race/lib/python3.10/site-packages'
[4.283s] Level 1:colcon.colcon_core.environment:checking '/home/ajr/ros2_ws/src/turtle_race/install/turtle_race/bin'
[4.283s] INFO:colcon.colcon_core.shell:Creating package script '/home/ajr/ros2_ws/src/turtle_race/install/turtle_race/share/turtle_race/package.ps1'
[4.283s] INFO:colcon.colcon_core.shell:Creating package descriptor '/home/ajr/ros2_ws/src/turtle_race/install/turtle_race/share/turtle_race/package.dsv'
[4.284s] INFO:colcon.colcon_core.shell:Creating package script '/home/ajr/ros2_ws/src/turtle_race/install/turtle_race/share/turtle_race/package.sh'
[4.284s] INFO:colcon.colcon_core.shell:Creating package script '/home/ajr/ros2_ws/src/turtle_race/install/turtle_race/share/turtle_race/package.bash'
[4.284s] INFO:colcon.colcon_core.shell:Creating package script '/home/ajr/ros2_ws/src/turtle_race/install/turtle_race/share/turtle_race/package.zsh'
[4.284s] Level 1:colcon.colcon_core.environment:create_file_with_runtime_dependencies(/home/ajr/ros2_ws/src/turtle_race/install/turtle_race/share/colcon-core/packages/turtle_race)
[4.285s] DEBUG:colcon.colcon_parallel_executor.executor.parallel:closing loop
[4.285s] DEBUG:colcon.colcon_parallel_executor.executor.parallel:loop closed
[4.285s] DEBUG:colcon.colcon_parallel_executor.executor.parallel:run_until_complete finished with '0'
[4.285s] DEBUG:colcon.colcon_core.event_reactor:joining thread
[4.319s] INFO:colcon.colcon_core.plugin_system:Skipping extension 'colcon_notification.desktop_notification.notify_send': Could not find 'notify-send'
[4.319s] INFO:colcon.colcon_core.plugin_system:Skipping extension 'colcon_notification.desktop_notification.terminal_notifier': Not used on non-Darwin systems
[4.319s] INFO:colcon.colcon_core.plugin_system:Skipping extension 'colcon_notification.desktop_notification.win32': Not used on non-Windows systems
[4.320s] INFO:colcon.colcon_notification.desktop_notification:Sending desktop notification using 'notify2'
[4.320s] DEBUG:colcon.colcon_notification.desktop_notification.notify2:Failed to initialize notify2: org.freedesktop.DBus.Error.FileNotFound: Failed to connect to socket /run/user/1000/bus: No such file or directory
[4.320s] DEBUG:colcon.colcon_core.event_reactor:joined thread
[4.320s] INFO:colcon.colcon_core.shell:Creating prefix script '/home/ajr/ros2_ws/src/turtle_race/install/local_setup.ps1'
[4.321s] INFO:colcon.colcon_core.shell:Creating prefix util module '/home/ajr/ros2_ws/src/turtle_race/install/_local_setup_util_ps1.py'
[4.322s] INFO:colcon.colcon_core.shell:Creating prefix chain script '/home/ajr/ros2_ws/src/turtle_race/install/setup.ps1'
[4.323s] INFO:colcon.colcon_core.shell:Creating prefix script '/home/ajr/ros2_ws/src/turtle_race/install/local_setup.sh'
[4.324s] INFO:colcon.colcon_core.shell:Creating prefix util module '/home/ajr/ros2_ws/src/turtle_race/install/_local_setup_util_sh.py'
[4.324s] INFO:colcon.colcon_core.shell:Creating prefix chain script '/home/ajr/ros2_ws/src/turtle_race/install/setup.sh'
[4.325s] INFO:colcon.colcon_core.shell:Creating prefix script '/home/ajr/ros2_ws/src/turtle_race/install/local_setup.bash'
[4.327s] INFO:colcon.colcon_core.shell:Creating prefix chain script '/home/ajr/ros2_ws/src/turtle_race/install/setup.bash'
[4.328s] INFO:colcon.colcon_core.shell:Creating prefix script '/home/ajr/ros2_ws/src/turtle_race/install/local_setup.zsh'
[4.328s] INFO:colcon.colcon_core.shell:Creating prefix chain script '/home/ajr/ros2_ws/src/turtle_race/install/setup.zsh'
