[0.009s] Invoking command in '/home/ajr/ros2_ws/src/turtle_race/build/turtle_race': CMAKE_PREFIX_PATH=${CMAKE_PREFIX_PATH}:/home/ajr/ros2_ws/install/arj_transforms_py:/home/ajr/ros2_ws/install/arj_intro_py:/opt/ros/humble /usr/bin/cmake --build /home/ajr/ros2_ws/src/turtle_race/build/turtle_race -- -j16 -l16
[0.025s] -- Found ament_cmake: 1.3.10 (/opt/ros/humble/share/ament_cmake/cmake)
[0.102s] -- Override CMake install command with custom implementation using symlinks instead of copying resources
[0.106s] -- Found rclcpp: 16.0.10 (/opt/ros/humble/share/rclcpp/cmake)
[0.197s] -- Found rosidl_generator_c: 3.1.5 (/opt/ros/humble/share/rosidl_generator_c/cmake)
[0.199s] -- Found rosidl_adapter: 3.1.5 (/opt/ros/humble/share/rosidl_adapter/cmake)
[0.203s] -- Found rosidl_generator_cpp: 3.1.5 (/opt/ros/humble/share/rosidl_generator_cpp/cmake)
[0.209s] -- Using all available rosidl_typesupport_c: rosidl_typesupport_fastrtps_c;rosidl_typesupport_introspection_c
[0.218s] -- Using all available rosidl_typesupport_cpp: rosidl_typesupport_fastrtps_cpp;rosidl_typesupport_introspection_cpp
[0.243s] -- Found rmw_implementation_cmake: 6.1.2 (/opt/ros/humble/share/rmw_implementation_cmake/cmake)
[0.244s] -- Found rmw_fastrtps_cpp: 6.2.7 (/opt/ros/humble/share/rmw_fastrtps_cpp/cmake)
[3.219s] -- Using RMW implementation 'rmw_fastrtps_cpp' as default
[3.251s] -- Found geometry_msgs: 4.2.4 (/opt/ros/humble/share/geometry_msgs/cmake)
[3.312s] -- Configuring done
[3.328s] -- Generating done
[3.329s] -- Build files have been written to: /home/ajr/ros2_ws/src/turtle_race/build/turtle_race
[3.350s] [35m[1mConsolidate compiler generated dependencies of target draw_node[0m
[3.355s] [ 25%] [32mBuilding CXX object CMakeFiles/testing_node.dir/src/testing_node.cpp.o[0m
[3.363s] [ 75%] Built target draw_node
[6.509s] [100%] [32m[1mLinking CXX executable testing_node[0m
[6.724s] [100%] Built target testing_node
[6.732s] Invoked command in '/home/ajr/ros2_ws/src/turtle_race/build/turtle_race' returned '0': CMAKE_PREFIX_PATH=${CMAKE_PREFIX_PATH}:/home/ajr/ros2_ws/install/arj_transforms_py:/home/ajr/ros2_ws/install/arj_intro_py:/opt/ros/humble /usr/bin/cmake --build /home/ajr/ros2_ws/src/turtle_race/build/turtle_race -- -j16 -l16
[6.755s] Invoking command in '/home/ajr/ros2_ws/src/turtle_race/build/turtle_race': CMAKE_PREFIX_PATH=${CMAKE_PREFIX_PATH}:/home/ajr/ros2_ws/install/arj_transforms_py:/home/ajr/ros2_ws/install/arj_intro_py:/opt/ros/humble /usr/bin/cmake --install /home/ajr/ros2_ws/src/turtle_race/build/turtle_race
[6.759s] -- Install configuration: ""
[6.759s] -- Execute custom install script
[6.759s] -- Up-to-date symlink: /home/ajr/ros2_ws/src/turtle_race/install/turtle_race/lib/turtle_race/draw_node
[6.759s] -- Symlinking: /home/ajr/ros2_ws/src/turtle_race/install/turtle_race/lib/turtle_race/testing_node
[6.765s] -- Up-to-date symlink: /home/ajr/ros2_ws/src/turtle_race/install/turtle_race/share/turtle_race/launch/d_launch.py
[6.765s] -- Up-to-date symlink: /home/ajr/ros2_ws/src/turtle_race/install/turtle_race/share/ament_index/resource_index/package_run_dependencies/turtle_race
[6.765s] -- Up-to-date symlink: /home/ajr/ros2_ws/src/turtle_race/install/turtle_race/share/ament_index/resource_index/parent_prefix_path/turtle_race
[6.765s] -- Up-to-date symlink: /home/ajr/ros2_ws/src/turtle_race/install/turtle_race/share/turtle_race/environment/ament_prefix_path.sh
[6.765s] -- Up-to-date symlink: /home/ajr/ros2_ws/src/turtle_race/install/turtle_race/share/turtle_race/environment/ament_prefix_path.dsv
[6.765s] -- Up-to-date symlink: /home/ajr/ros2_ws/src/turtle_race/install/turtle_race/share/turtle_race/environment/path.sh
[6.765s] -- Up-to-date symlink: /home/ajr/ros2_ws/src/turtle_race/install/turtle_race/share/turtle_race/environment/path.dsv
[6.766s] -- Up-to-date symlink: /home/ajr/ros2_ws/src/turtle_race/install/turtle_race/share/turtle_race/local_setup.bash
[6.766s] -- Up-to-date symlink: /home/ajr/ros2_ws/src/turtle_race/install/turtle_race/share/turtle_race/local_setup.sh
[6.766s] -- Up-to-date symlink: /home/ajr/ros2_ws/src/turtle_race/install/turtle_race/share/turtle_race/local_setup.zsh
[6.766s] -- Up-to-date symlink: /home/ajr/ros2_ws/src/turtle_race/install/turtle_race/share/turtle_race/local_setup.dsv
[6.766s] -- Symlinking: /home/ajr/ros2_ws/src/turtle_race/install/turtle_race/share/turtle_race/package.dsv
[6.771s] -- Up-to-date symlink: /home/ajr/ros2_ws/src/turtle_race/install/turtle_race/share/ament_index/resource_index/packages/turtle_race
[6.771s] -- Up-to-date symlink: /home/ajr/ros2_ws/src/turtle_race/install/turtle_race/share/turtle_race/cmake/turtle_raceConfig.cmake
[6.772s] -- Up-to-date symlink: /home/ajr/ros2_ws/src/turtle_race/install/turtle_race/share/turtle_race/cmake/turtle_raceConfig-version.cmake
[6.772s] -- Up-to-date symlink: /home/ajr/ros2_ws/src/turtle_race/install/turtle_race/share/turtle_race/package.xml
[6.774s] Invoked command in '/home/ajr/ros2_ws/src/turtle_race/build/turtle_race' returned '0': CMAKE_PREFIX_PATH=${CMAKE_PREFIX_PATH}:/home/ajr/ros2_ws/install/arj_transforms_py:/home/ajr/ros2_ws/install/arj_intro_py:/opt/ros/humble /usr/bin/cmake --install /home/ajr/ros2_ws/src/turtle_race/build/turtle_race
